[0.104s] DEBUG:colcon:Command line arguments: ['/usr/bin/colcon', 'build', '--symlink-install']
[0.104s] DEBUG:colcon:Parsed command line arguments: Namespace(log_base=None, log_level=None, verb_name='build', build_base='build', install_base='install', merge_install=False, symlink_install=True, test_result_base=None, continue_on_error=False, executor='parallel', parallel_workers=16, event_handlers=None, ignore_user_meta=False, metas=['./colcon.meta'], base_paths=['.'], packages_ignore=None, packages_ignore_regex=None, paths=None, packages_up_to=None, packages_up_to_regex=None, packages_above=None, packages_above_and_dependencies=None, packages_above_depth=None, packages_select_by_dep=None, packages_skip_by_dep=None, packages_skip_up_to=None, packages_select_build_failed=False, packages_skip_build_finished=False, packages_select_test_failures=False, packages_skip_test_passed=False, packages_select=None, packages_skip=None, packages_select_regex=None, packages_skip_regex=None, packages_start=None, packages_end=None, allow_overriding=[], cmake_args=None, cmake_target=None, cmake_target_skip_unavailable=False, cmake_clean_cache=False, cmake_clean_first=False, cmake_force_configure=False, ament_cmake_args=None, catkin_cmake_args=None, catkin_skip_building_tests=False, mixin_files=None, mixin=None, verb_parser=<colcon_mixin.mixin.mixin_argument.MixinArgumentDecorator object at 0x78898a884af0>, verb_extension=<colcon_core.verb.build.BuildVerb object at 0x78898a8845e0>, main=<bound method BuildVerb.main of <colcon_core.verb.build.BuildVerb object at 0x78898a8845e0>>, mixin_verb=('build',))
[0.281s] Level 1:colcon.colcon_core.package_discovery:discover_packages(colcon_meta) check parameters
[0.281s] Level 1:colcon.colcon_core.package_discovery:discover_packages(recursive) check parameters
[0.281s] Level 1:colcon.colcon_core.package_discovery:discover_packages(ignore) check parameters
[0.281s] Level 1:colcon.colcon_core.package_discovery:discover_packages(path) check parameters
[0.281s] Level 1:colcon.colcon_core.package_discovery:discover_packages(colcon_meta) discover
[0.281s] Level 1:colcon.colcon_core.package_discovery:discover_packages(recursive) discover
[0.281s] INFO:colcon.colcon_core.package_discovery:Crawling recursively for packages in '/media/minjin/Data/Code/ros/ros2-for-beginners-level2'
[0.281s] Level 1:colcon.colcon_core.package_identification:_identify(.) by extensions ['ignore', 'ignore_ament_install']
[0.281s] Level 1:colcon.colcon_core.package_identification:_identify(.) by extension 'ignore'
[0.282s] Level 1:colcon.colcon_core.package_identification:_identify(.) by extension 'ignore_ament_install'
[0.282s] Level 1:colcon.colcon_core.package_identification:_identify(.) by extensions ['colcon_pkg']
[0.282s] Level 1:colcon.colcon_core.package_identification:_identify(.) by extension 'colcon_pkg'
[0.282s] Level 1:colcon.colcon_core.package_identification:_identify(.) by extensions ['colcon_meta']
[0.282s] Level 1:colcon.colcon_core.package_identification:_identify(.) by extension 'colcon_meta'
[0.282s] Level 1:colcon.colcon_core.package_identification:_identify(.) by extensions ['ros']
[0.282s] Level 1:colcon.colcon_core.package_identification:_identify(.) by extension 'ros'
[0.293s] Level 1:colcon.colcon_core.package_identification:_identify(.) by extensions ['cmake', 'python']
[0.293s] Level 1:colcon.colcon_core.package_identification:_identify(.) by extension 'cmake'
[0.293s] Level 1:colcon.colcon_core.package_identification:_identify(.) by extension 'python'
[0.293s] Level 1:colcon.colcon_core.package_identification:_identify(.) by extensions ['python_setup_py']
[0.293s] Level 1:colcon.colcon_core.package_identification:_identify(.) by extension 'python_setup_py'
[0.293s] Level 1:colcon.colcon_core.package_identification:_identify(build) by extensions ['ignore', 'ignore_ament_install']
[0.293s] Level 1:colcon.colcon_core.package_identification:_identify(build) by extension 'ignore'
[0.293s] Level 1:colcon.colcon_core.package_identification:_identify(build) ignored
[0.293s] Level 1:colcon.colcon_core.package_identification:_identify(install) by extensions ['ignore', 'ignore_ament_install']
[0.293s] Level 1:colcon.colcon_core.package_identification:_identify(install) by extension 'ignore'
[0.293s] Level 1:colcon.colcon_core.package_identification:_identify(install) ignored
[0.293s] Level 1:colcon.colcon_core.package_identification:_identify(log) by extensions ['ignore', 'ignore_ament_install']
[0.293s] Level 1:colcon.colcon_core.package_identification:_identify(log) by extension 'ignore'
[0.293s] Level 1:colcon.colcon_core.package_identification:_identify(log) ignored
[0.293s] Level 1:colcon.colcon_core.package_identification:_identify(notes) by extensions ['ignore', 'ignore_ament_install']
[0.293s] Level 1:colcon.colcon_core.package_identification:_identify(notes) by extension 'ignore'
[0.293s] Level 1:colcon.colcon_core.package_identification:_identify(notes) by extension 'ignore_ament_install'
[0.293s] Level 1:colcon.colcon_core.package_identification:_identify(notes) by extensions ['colcon_pkg']
[0.293s] Level 1:colcon.colcon_core.package_identification:_identify(notes) by extension 'colcon_pkg'
[0.293s] Level 1:colcon.colcon_core.package_identification:_identify(notes) by extensions ['colcon_meta']
[0.293s] Level 1:colcon.colcon_core.package_identification:_identify(notes) by extension 'colcon_meta'
[0.293s] Level 1:colcon.colcon_core.package_identification:_identify(notes) by extensions ['ros']
[0.293s] Level 1:colcon.colcon_core.package_identification:_identify(notes) by extension 'ros'
[0.293s] Level 1:colcon.colcon_core.package_identification:_identify(notes) by extensions ['cmake', 'python']
[0.293s] Level 1:colcon.colcon_core.package_identification:_identify(notes) by extension 'cmake'
[0.293s] Level 1:colcon.colcon_core.package_identification:_identify(notes) by extension 'python'
[0.293s] Level 1:colcon.colcon_core.package_identification:_identify(notes) by extensions ['python_setup_py']
[0.293s] Level 1:colcon.colcon_core.package_identification:_identify(notes) by extension 'python_setup_py'
[0.294s] Level 1:colcon.colcon_core.package_identification:_identify(notes/images) by extensions ['ignore', 'ignore_ament_install']
[0.294s] Level 1:colcon.colcon_core.package_identification:_identify(notes/images) by extension 'ignore'
[0.294s] Level 1:colcon.colcon_core.package_identification:_identify(notes/images) by extension 'ignore_ament_install'
[0.294s] Level 1:colcon.colcon_core.package_identification:_identify(notes/images) by extensions ['colcon_pkg']
[0.294s] Level 1:colcon.colcon_core.package_identification:_identify(notes/images) by extension 'colcon_pkg'
[0.294s] Level 1:colcon.colcon_core.package_identification:_identify(notes/images) by extensions ['colcon_meta']
[0.294s] Level 1:colcon.colcon_core.package_identification:_identify(notes/images) by extension 'colcon_meta'
[0.294s] Level 1:colcon.colcon_core.package_identification:_identify(notes/images) by extensions ['ros']
[0.294s] Level 1:colcon.colcon_core.package_identification:_identify(notes/images) by extension 'ros'
[0.294s] Level 1:colcon.colcon_core.package_identification:_identify(notes/images) by extensions ['cmake', 'python']
[0.294s] Level 1:colcon.colcon_core.package_identification:_identify(notes/images) by extension 'cmake'
[0.294s] Level 1:colcon.colcon_core.package_identification:_identify(notes/images) by extension 'python'
[0.294s] Level 1:colcon.colcon_core.package_identification:_identify(notes/images) by extensions ['python_setup_py']
[0.294s] Level 1:colcon.colcon_core.package_identification:_identify(notes/images) by extension 'python_setup_py'
[0.294s] Level 1:colcon.colcon_core.package_identification:_identify(src) by extensions ['ignore', 'ignore_ament_install']
[0.294s] Level 1:colcon.colcon_core.package_identification:_identify(src) by extension 'ignore'
[0.294s] Level 1:colcon.colcon_core.package_identification:_identify(src) by extension 'ignore_ament_install'
[0.294s] Level 1:colcon.colcon_core.package_identification:_identify(src) by extensions ['colcon_pkg']
[0.294s] Level 1:colcon.colcon_core.package_identification:_identify(src) by extension 'colcon_pkg'
[0.294s] Level 1:colcon.colcon_core.package_identification:_identify(src) by extensions ['colcon_meta']
[0.294s] Level 1:colcon.colcon_core.package_identification:_identify(src) by extension 'colcon_meta'
[0.294s] Level 1:colcon.colcon_core.package_identification:_identify(src) by extensions ['ros']
[0.294s] Level 1:colcon.colcon_core.package_identification:_identify(src) by extension 'ros'
[0.294s] Level 1:colcon.colcon_core.package_identification:_identify(src) by extensions ['cmake', 'python']
[0.294s] Level 1:colcon.colcon_core.package_identification:_identify(src) by extension 'cmake'
[0.294s] Level 1:colcon.colcon_core.package_identification:_identify(src) by extension 'python'
[0.294s] Level 1:colcon.colcon_core.package_identification:_identify(src) by extensions ['python_setup_py']
[0.294s] Level 1:colcon.colcon_core.package_identification:_identify(src) by extension 'python_setup_py'
[0.294s] Level 1:colcon.colcon_core.package_identification:_identify(src/my_robot_bringup) by extensions ['ignore', 'ignore_ament_install']
[0.294s] Level 1:colcon.colcon_core.package_identification:_identify(src/my_robot_bringup) by extension 'ignore'
[0.294s] Level 1:colcon.colcon_core.package_identification:_identify(src/my_robot_bringup) by extension 'ignore_ament_install'
[0.294s] Level 1:colcon.colcon_core.package_identification:_identify(src/my_robot_bringup) by extensions ['colcon_pkg']
[0.294s] Level 1:colcon.colcon_core.package_identification:_identify(src/my_robot_bringup) by extension 'colcon_pkg'
[0.295s] Level 1:colcon.colcon_core.package_identification:_identify(src/my_robot_bringup) by extensions ['colcon_meta']
[0.295s] Level 1:colcon.colcon_core.package_identification:_identify(src/my_robot_bringup) by extension 'colcon_meta'
[0.295s] Level 1:colcon.colcon_core.package_identification:_identify(src/my_robot_bringup) by extensions ['ros']
[0.295s] Level 1:colcon.colcon_core.package_identification:_identify(src/my_robot_bringup) by extension 'ros'
[0.296s] DEBUG:colcon.colcon_core.package_identification:Package 'src/my_robot_bringup' with type 'ros.ament_cmake' and name 'my_robot_bringup'
[0.296s] Level 1:colcon.colcon_core.package_identification:_identify(src/my_robot_description) by extensions ['ignore', 'ignore_ament_install']
[0.296s] Level 1:colcon.colcon_core.package_identification:_identify(src/my_robot_description) by extension 'ignore'
[0.296s] Level 1:colcon.colcon_core.package_identification:_identify(src/my_robot_description) by extension 'ignore_ament_install'
[0.296s] Level 1:colcon.colcon_core.package_identification:_identify(src/my_robot_description) by extensions ['colcon_pkg']
[0.296s] Level 1:colcon.colcon_core.package_identification:_identify(src/my_robot_description) by extension 'colcon_pkg'
[0.296s] Level 1:colcon.colcon_core.package_identification:_identify(src/my_robot_description) by extensions ['colcon_meta']
[0.296s] Level 1:colcon.colcon_core.package_identification:_identify(src/my_robot_description) by extension 'colcon_meta'
[0.296s] Level 1:colcon.colcon_core.package_identification:_identify(src/my_robot_description) by extensions ['ros']
[0.296s] Level 1:colcon.colcon_core.package_identification:_identify(src/my_robot_description) by extension 'ros'
[0.296s] DEBUG:colcon.colcon_core.package_identification:Package 'src/my_robot_description' with type 'ros.ament_cmake' and name 'my_robot_description'
[0.296s] Level 1:colcon.colcon_core.package_discovery:discover_packages(recursive) using defaults
[0.296s] Level 1:colcon.colcon_core.package_discovery:discover_packages(ignore) discover
[0.297s] Level 1:colcon.colcon_core.package_discovery:discover_packages(ignore) using defaults
[0.297s] Level 1:colcon.colcon_core.package_discovery:discover_packages(path) discover
[0.297s] Level 1:colcon.colcon_core.package_discovery:discover_packages(path) using defaults
[0.309s] Level 1:colcon.colcon_core.package_discovery:discover_packages(prefix_path) check parameters
[0.309s] Level 1:colcon.colcon_core.package_discovery:discover_packages(prefix_path) discover
[0.311s] DEBUG:colcon.colcon_installed_package_information.package_discovery:Found 2 installed packages in /home/minjin/ros2-tutorial-urdf/install
[0.312s] DEBUG:colcon.colcon_installed_package_information.package_discovery:Found 403 installed packages in /opt/ros/humble
[0.313s] Level 1:colcon.colcon_core.package_discovery:discover_packages(prefix_path) using defaults
[0.357s] Level 5:colcon.colcon_core.verb:set package 'my_robot_description' build argument 'cmake_args' from command line to 'None'
[0.357s] Level 5:colcon.colcon_core.verb:set package 'my_robot_description' build argument 'cmake_target' from command line to 'None'
[0.357s] Level 5:colcon.colcon_core.verb:set package 'my_robot_description' build argument 'cmake_target_skip_unavailable' from command line to 'False'
[0.357s] Level 5:colcon.colcon_core.verb:set package 'my_robot_description' build argument 'cmake_clean_cache' from command line to 'False'
[0.357s] Level 5:colcon.colcon_core.verb:set package 'my_robot_description' build argument 'cmake_clean_first' from command line to 'False'
[0.357s] Level 5:colcon.colcon_core.verb:set package 'my_robot_description' build argument 'cmake_force_configure' from command line to 'False'
[0.357s] Level 5:colcon.colcon_core.verb:set package 'my_robot_description' build argument 'ament_cmake_args' from command line to 'None'
[0.357s] Level 5:colcon.colcon_core.verb:set package 'my_robot_description' build argument 'catkin_cmake_args' from command line to 'None'
[0.357s] Level 5:colcon.colcon_core.verb:set package 'my_robot_description' build argument 'catkin_skip_building_tests' from command line to 'False'
[0.357s] DEBUG:colcon.colcon_core.verb:Building package 'my_robot_description' with the following arguments: {'ament_cmake_args': None, 'build_base': '/media/minjin/Data/Code/ros/ros2-for-beginners-level2/build/my_robot_description', 'catkin_cmake_args': None, 'catkin_skip_building_tests': False, 'cmake_args': None, 'cmake_clean_cache': False, 'cmake_clean_first': False, 'cmake_force_configure': False, 'cmake_target': None, 'cmake_target_skip_unavailable': False, 'install_base': '/media/minjin/Data/Code/ros/ros2-for-beginners-level2/install/my_robot_description', 'merge_install': False, 'path': '/media/minjin/Data/Code/ros/ros2-for-beginners-level2/src/my_robot_description', 'symlink_install': True, 'test_result_base': None}
[0.358s] Level 5:colcon.colcon_core.verb:set package 'my_robot_bringup' build argument 'cmake_args' from command line to 'None'
[0.358s] Level 5:colcon.colcon_core.verb:set package 'my_robot_bringup' build argument 'cmake_target' from command line to 'None'
[0.358s] Level 5:colcon.colcon_core.verb:set package 'my_robot_bringup' build argument 'cmake_target_skip_unavailable' from command line to 'False'
[0.358s] Level 5:colcon.colcon_core.verb:set package 'my_robot_bringup' build argument 'cmake_clean_cache' from command line to 'False'
[0.358s] Level 5:colcon.colcon_core.verb:set package 'my_robot_bringup' build argument 'cmake_clean_first' from command line to 'False'
[0.358s] Level 5:colcon.colcon_core.verb:set package 'my_robot_bringup' build argument 'cmake_force_configure' from command line to 'False'
[0.358s] Level 5:colcon.colcon_core.verb:set package 'my_robot_bringup' build argument 'ament_cmake_args' from command line to 'None'
[0.358s] Level 5:colcon.colcon_core.verb:set package 'my_robot_bringup' build argument 'catkin_cmake_args' from command line to 'None'
[0.358s] Level 5:colcon.colcon_core.verb:set package 'my_robot_bringup' build argument 'catkin_skip_building_tests' from command line to 'False'
[0.358s] DEBUG:colcon.colcon_core.verb:Building package 'my_robot_bringup' with the following arguments: {'ament_cmake_args': None, 'build_base': '/media/minjin/Data/Code/ros/ros2-for-beginners-level2/build/my_robot_bringup', 'catkin_cmake_args': None, 'catkin_skip_building_tests': False, 'cmake_args': None, 'cmake_clean_cache': False, 'cmake_clean_first': False, 'cmake_force_configure': False, 'cmake_target': None, 'cmake_target_skip_unavailable': False, 'install_base': '/media/minjin/Data/Code/ros/ros2-for-beginners-level2/install/my_robot_bringup', 'merge_install': False, 'path': '/media/minjin/Data/Code/ros/ros2-for-beginners-level2/src/my_robot_bringup', 'symlink_install': True, 'test_result_base': None}
[0.358s] INFO:colcon.colcon_core.executor:Executing jobs using 'parallel' executor
[0.358s] DEBUG:colcon.colcon_parallel_executor.executor.parallel:run_until_complete
[0.359s] INFO:colcon.colcon_ros.task.ament_cmake.build:Building ROS package in '/media/minjin/Data/Code/ros/ros2-for-beginners-level2/src/my_robot_description' with build type 'ament_cmake'
[0.359s] INFO:colcon.colcon_cmake.task.cmake.build:Building CMake package in '/media/minjin/Data/Code/ros/ros2-for-beginners-level2/src/my_robot_description'
[0.361s] INFO:colcon.colcon_core.plugin_system:Skipping extension 'colcon_core.shell.bat': Not used on non-Windows systems
[0.361s] INFO:colcon.colcon_core.shell:Skip shell extension 'powershell' for command environment: Not usable outside of PowerShell
[0.361s] DEBUG:colcon.colcon_core.shell:Skip shell extension 'dsv' for command environment
[0.381s] DEBUG:colcon.colcon_core.event_handler.log_command:Invoking command in '/media/minjin/Data/Code/ros/ros2-for-beginners-level2/build/my_robot_description': CMAKE_PREFIX_PATH=${CMAKE_PREFIX_PATH}:/opt/ros/humble /usr/bin/cmake --build /media/minjin/Data/Code/ros/ros2-for-beginners-level2/build/my_robot_description -- -j16 -l16
[0.440s] DEBUG:colcon.colcon_core.event_handler.log_command:Invoked command in '/media/minjin/Data/Code/ros/ros2-for-beginners-level2/build/my_robot_description' returned '0': CMAKE_PREFIX_PATH=${CMAKE_PREFIX_PATH}:/opt/ros/humble /usr/bin/cmake --build /media/minjin/Data/Code/ros/ros2-for-beginners-level2/build/my_robot_description -- -j16 -l16
[0.501s] DEBUG:colcon.colcon_core.event_handler.log_command:Invoking command in '/media/minjin/Data/Code/ros/ros2-for-beginners-level2/build/my_robot_description': CMAKE_PREFIX_PATH=${CMAKE_PREFIX_PATH}:/opt/ros/humble /usr/bin/cmake --install /media/minjin/Data/Code/ros/ros2-for-beginners-level2/build/my_robot_description
[0.564s] Level 1:colcon.colcon_core.environment:create_environment_scripts_only(my_robot_description)
[0.565s] DEBUG:colcon.colcon_core.event_handler.log_command:Invoked command in '/media/minjin/Data/Code/ros/ros2-for-beginners-level2/build/my_robot_description' returned '0': CMAKE_PREFIX_PATH=${CMAKE_PREFIX_PATH}:/opt/ros/humble /usr/bin/cmake --install /media/minjin/Data/Code/ros/ros2-for-beginners-level2/build/my_robot_description
[0.569s] Level 1:colcon.colcon_core.environment:checking '/media/minjin/Data/Code/ros/ros2-for-beginners-level2/install/my_robot_description' for CMake module files
[0.569s] Level 1:colcon.colcon_core.environment:checking '/media/minjin/Data/Code/ros/ros2-for-beginners-level2/install/my_robot_description' for CMake config files
[0.569s] Level 1:colcon.colcon_core.shell:create_environment_hook('my_robot_description', 'cmake_prefix_path')
[0.570s] INFO:colcon.colcon_core.shell:Creating environment hook '/media/minjin/Data/Code/ros/ros2-for-beginners-level2/install/my_robot_description/share/my_robot_description/hook/cmake_prefix_path.ps1'
[0.570s] INFO:colcon.colcon_core.shell:Creating environment descriptor '/media/minjin/Data/Code/ros/ros2-for-beginners-level2/install/my_robot_description/share/my_robot_description/hook/cmake_prefix_path.dsv'
[0.571s] INFO:colcon.colcon_core.shell:Creating environment hook '/media/minjin/Data/Code/ros/ros2-for-beginners-level2/install/my_robot_description/share/my_robot_description/hook/cmake_prefix_path.sh'
[0.572s] Level 1:colcon.colcon_core.environment:checking '/media/minjin/Data/Code/ros/ros2-for-beginners-level2/install/my_robot_description/bin'
[0.573s] Level 1:colcon.colcon_core.environment:checking '/media/minjin/Data/Code/ros/ros2-for-beginners-level2/install/my_robot_description/lib/pkgconfig/my_robot_description.pc'
[0.573s] Level 1:colcon.colcon_core.environment:checking '/media/minjin/Data/Code/ros/ros2-for-beginners-level2/install/my_robot_description/lib/python3.10/site-packages'
[0.573s] Level 1:colcon.colcon_core.environment:checking '/media/minjin/Data/Code/ros/ros2-for-beginners-level2/install/my_robot_description/bin'
[0.574s] INFO:colcon.colcon_core.shell:Creating package script '/media/minjin/Data/Code/ros/ros2-for-beginners-level2/install/my_robot_description/share/my_robot_description/package.ps1'
[0.574s] INFO:colcon.colcon_core.shell:Creating package descriptor '/media/minjin/Data/Code/ros/ros2-for-beginners-level2/install/my_robot_description/share/my_robot_description/package.dsv'
[0.575s] INFO:colcon.colcon_core.shell:Creating package script '/media/minjin/Data/Code/ros/ros2-for-beginners-level2/install/my_robot_description/share/my_robot_description/package.sh'
[0.575s] INFO:colcon.colcon_core.shell:Creating package script '/media/minjin/Data/Code/ros/ros2-for-beginners-level2/install/my_robot_description/share/my_robot_description/package.bash'
[0.576s] INFO:colcon.colcon_core.shell:Creating package script '/media/minjin/Data/Code/ros/ros2-for-beginners-level2/install/my_robot_description/share/my_robot_description/package.zsh'
[0.576s] Level 1:colcon.colcon_core.environment:create_file_with_runtime_dependencies(/media/minjin/Data/Code/ros/ros2-for-beginners-level2/install/my_robot_description/share/colcon-core/packages/my_robot_description)
[0.595s] Level 1:colcon.colcon_core.environment:create_environment_scripts_only(my_robot_description)
[0.595s] Level 1:colcon.colcon_core.environment:checking '/media/minjin/Data/Code/ros/ros2-for-beginners-level2/install/my_robot_description' for CMake module files
[0.595s] Level 1:colcon.colcon_core.environment:checking '/media/minjin/Data/Code/ros/ros2-for-beginners-level2/install/my_robot_description' for CMake config files
[0.596s] Level 1:colcon.colcon_core.shell:create_environment_hook('my_robot_description', 'cmake_prefix_path')
[0.596s] INFO:colcon.colcon_core.shell:Creating environment hook '/media/minjin/Data/Code/ros/ros2-for-beginners-level2/install/my_robot_description/share/my_robot_description/hook/cmake_prefix_path.ps1'
[0.596s] INFO:colcon.colcon_core.shell:Creating environment descriptor '/media/minjin/Data/Code/ros/ros2-for-beginners-level2/install/my_robot_description/share/my_robot_description/hook/cmake_prefix_path.dsv'
[0.597s] INFO:colcon.colcon_core.shell:Creating environment hook '/media/minjin/Data/Code/ros/ros2-for-beginners-level2/install/my_robot_description/share/my_robot_description/hook/cmake_prefix_path.sh'
[0.597s] Level 1:colcon.colcon_core.environment:checking '/media/minjin/Data/Code/ros/ros2-for-beginners-level2/install/my_robot_description/bin'
[0.597s] Level 1:colcon.colcon_core.environment:checking '/media/minjin/Data/Code/ros/ros2-for-beginners-level2/install/my_robot_description/lib/pkgconfig/my_robot_description.pc'
[0.598s] Level 1:colcon.colcon_core.environment:checking '/media/minjin/Data/Code/ros/ros2-for-beginners-level2/install/my_robot_description/lib/python3.10/site-packages'
[0.598s] Level 1:colcon.colcon_core.environment:checking '/media/minjin/Data/Code/ros/ros2-for-beginners-level2/install/my_robot_description/bin'
[0.598s] INFO:colcon.colcon_core.shell:Creating package script '/media/minjin/Data/Code/ros/ros2-for-beginners-level2/install/my_robot_description/share/my_robot_description/package.ps1'
[0.599s] INFO:colcon.colcon_core.shell:Creating package descriptor '/media/minjin/Data/Code/ros/ros2-for-beginners-level2/install/my_robot_description/share/my_robot_description/package.dsv'
[0.599s] INFO:colcon.colcon_core.shell:Creating package script '/media/minjin/Data/Code/ros/ros2-for-beginners-level2/install/my_robot_description/share/my_robot_description/package.sh'
[0.600s] INFO:colcon.colcon_core.shell:Creating package script '/media/minjin/Data/Code/ros/ros2-for-beginners-level2/install/my_robot_description/share/my_robot_description/package.bash'
[0.600s] INFO:colcon.colcon_core.shell:Creating package script '/media/minjin/Data/Code/ros/ros2-for-beginners-level2/install/my_robot_description/share/my_robot_description/package.zsh'
[0.600s] Level 1:colcon.colcon_core.environment:create_file_with_runtime_dependencies(/media/minjin/Data/Code/ros/ros2-for-beginners-level2/install/my_robot_description/share/colcon-core/packages/my_robot_description)
[0.601s] INFO:colcon.colcon_ros.task.ament_cmake.build:Building ROS package in '/media/minjin/Data/Code/ros/ros2-for-beginners-level2/src/my_robot_bringup' with build type 'ament_cmake'
[0.601s] INFO:colcon.colcon_cmake.task.cmake.build:Building CMake package in '/media/minjin/Data/Code/ros/ros2-for-beginners-level2/src/my_robot_bringup'
[0.601s] INFO:colcon.colcon_core.shell:Skip shell extension 'powershell' for command environment: Not usable outside of PowerShell
[0.601s] DEBUG:colcon.colcon_core.shell:Skip shell extension 'dsv' for command environment
[0.611s] DEBUG:colcon.colcon_core.event_handler.log_command:Invoking command in '/media/minjin/Data/Code/ros/ros2-for-beginners-level2/build/my_robot_bringup': AMENT_PREFIX_PATH=/media/minjin/Data/Code/ros/ros2-for-beginners-level2/install/my_robot_description:${AMENT_PREFIX_PATH} CMAKE_PREFIX_PATH=/media/minjin/Data/Code/ros/ros2-for-beginners-level2/install/my_robot_description:/home/minjin/ros2-tutorial-urdf/install/my_robot_bringup:/home/minjin/ros2-tutorial-urdf/install/my_robot_description:/opt/ros/humble /usr/bin/cmake --build /media/minjin/Data/Code/ros/ros2-for-beginners-level2/build/my_robot_bringup -- -j16 -l16
[0.701s] DEBUG:colcon.colcon_core.event_handler.log_command:Invoked command in '/media/minjin/Data/Code/ros/ros2-for-beginners-level2/build/my_robot_bringup' returned '0': AMENT_PREFIX_PATH=/media/minjin/Data/Code/ros/ros2-for-beginners-level2/install/my_robot_description:${AMENT_PREFIX_PATH} CMAKE_PREFIX_PATH=/media/minjin/Data/Code/ros/ros2-for-beginners-level2/install/my_robot_description:/home/minjin/ros2-tutorial-urdf/install/my_robot_bringup:/home/minjin/ros2-tutorial-urdf/install/my_robot_description:/opt/ros/humble /usr/bin/cmake --build /media/minjin/Data/Code/ros/ros2-for-beginners-level2/build/my_robot_bringup -- -j16 -l16
[0.735s] DEBUG:colcon.colcon_core.event_handler.log_command:Invoking command in '/media/minjin/Data/Code/ros/ros2-for-beginners-level2/build/my_robot_bringup': AMENT_PREFIX_PATH=/media/minjin/Data/Code/ros/ros2-for-beginners-level2/install/my_robot_description:${AMENT_PREFIX_PATH} CMAKE_PREFIX_PATH=/media/minjin/Data/Code/ros/ros2-for-beginners-level2/install/my_robot_description:/home/minjin/ros2-tutorial-urdf/install/my_robot_bringup:/home/minjin/ros2-tutorial-urdf/install/my_robot_description:/opt/ros/humble /usr/bin/cmake --install /media/minjin/Data/Code/ros/ros2-for-beginners-level2/build/my_robot_bringup
[0.815s] Level 1:colcon.colcon_core.environment:create_environment_scripts_only(my_robot_bringup)
[0.815s] Level 1:colcon.colcon_core.environment:checking '/media/minjin/Data/Code/ros/ros2-for-beginners-level2/install/my_robot_bringup' for CMake module files
[0.816s] DEBUG:colcon.colcon_core.event_handler.log_command:Invoked command in '/media/minjin/Data/Code/ros/ros2-for-beginners-level2/build/my_robot_bringup' returned '0': AMENT_PREFIX_PATH=/media/minjin/Data/Code/ros/ros2-for-beginners-level2/install/my_robot_description:${AMENT_PREFIX_PATH} CMAKE_PREFIX_PATH=/media/minjin/Data/Code/ros/ros2-for-beginners-level2/install/my_robot_description:/home/minjin/ros2-tutorial-urdf/install/my_robot_bringup:/home/minjin/ros2-tutorial-urdf/install/my_robot_description:/opt/ros/humble /usr/bin/cmake --install /media/minjin/Data/Code/ros/ros2-for-beginners-level2/build/my_robot_bringup
[0.816s] Level 1:colcon.colcon_core.environment:checking '/media/minjin/Data/Code/ros/ros2-for-beginners-level2/install/my_robot_bringup' for CMake config files
[0.816s] Level 1:colcon.colcon_core.shell:create_environment_hook('my_robot_bringup', 'cmake_prefix_path')
[0.816s] INFO:colcon.colcon_core.shell:Creating environment hook '/media/minjin/Data/Code/ros/ros2-for-beginners-level2/install/my_robot_bringup/share/my_robot_bringup/hook/cmake_prefix_path.ps1'
[0.817s] INFO:colcon.colcon_core.shell:Creating environment descriptor '/media/minjin/Data/Code/ros/ros2-for-beginners-level2/install/my_robot_bringup/share/my_robot_bringup/hook/cmake_prefix_path.dsv'
[0.817s] INFO:colcon.colcon_core.shell:Creating environment hook '/media/minjin/Data/Code/ros/ros2-for-beginners-level2/install/my_robot_bringup/share/my_robot_bringup/hook/cmake_prefix_path.sh'
[0.818s] Level 1:colcon.colcon_core.environment:checking '/media/minjin/Data/Code/ros/ros2-for-beginners-level2/install/my_robot_bringup/bin'
[0.818s] Level 1:colcon.colcon_core.environment:checking '/media/minjin/Data/Code/ros/ros2-for-beginners-level2/install/my_robot_bringup/lib/pkgconfig/my_robot_bringup.pc'
[0.818s] Level 1:colcon.colcon_core.environment:checking '/media/minjin/Data/Code/ros/ros2-for-beginners-level2/install/my_robot_bringup/lib/python3.10/site-packages'
[0.819s] Level 1:colcon.colcon_core.environment:checking '/media/minjin/Data/Code/ros/ros2-for-beginners-level2/install/my_robot_bringup/bin'
[0.819s] INFO:colcon.colcon_core.shell:Creating package script '/media/minjin/Data/Code/ros/ros2-for-beginners-level2/install/my_robot_bringup/share/my_robot_bringup/package.ps1'
[0.820s] INFO:colcon.colcon_core.shell:Creating package descriptor '/media/minjin/Data/Code/ros/ros2-for-beginners-level2/install/my_robot_bringup/share/my_robot_bringup/package.dsv'
[0.820s] INFO:colcon.colcon_core.shell:Creating package script '/media/minjin/Data/Code/ros/ros2-for-beginners-level2/install/my_robot_bringup/share/my_robot_bringup/package.sh'
[0.821s] INFO:colcon.colcon_core.shell:Creating package script '/media/minjin/Data/Code/ros/ros2-for-beginners-level2/install/my_robot_bringup/share/my_robot_bringup/package.bash'
[0.821s] INFO:colcon.colcon_core.shell:Creating package script '/media/minjin/Data/Code/ros/ros2-for-beginners-level2/install/my_robot_bringup/share/my_robot_bringup/package.zsh'
[0.822s] Level 1:colcon.colcon_core.environment:create_file_with_runtime_dependencies(/media/minjin/Data/Code/ros/ros2-for-beginners-level2/install/my_robot_bringup/share/colcon-core/packages/my_robot_bringup)
[0.869s] Level 1:colcon.colcon_core.environment:create_environment_scripts_only(my_robot_bringup)
[0.870s] Level 1:colcon.colcon_core.environment:checking '/media/minjin/Data/Code/ros/ros2-for-beginners-level2/install/my_robot_bringup' for CMake module files
[0.872s] Level 1:colcon.colcon_core.environment:checking '/media/minjin/Data/Code/ros/ros2-for-beginners-level2/install/my_robot_bringup' for CMake config files
[0.873s] Level 1:colcon.colcon_core.shell:create_environment_hook('my_robot_bringup', 'cmake_prefix_path')
[0.874s] INFO:colcon.colcon_core.shell:Creating environment hook '/media/minjin/Data/Code/ros/ros2-for-beginners-level2/install/my_robot_bringup/share/my_robot_bringup/hook/cmake_prefix_path.ps1'
[0.875s] INFO:colcon.colcon_core.shell:Creating environment descriptor '/media/minjin/Data/Code/ros/ros2-for-beginners-level2/install/my_robot_bringup/share/my_robot_bringup/hook/cmake_prefix_path.dsv'
[0.876s] INFO:colcon.colcon_core.shell:Creating environment hook '/media/minjin/Data/Code/ros/ros2-for-beginners-level2/install/my_robot_bringup/share/my_robot_bringup/hook/cmake_prefix_path.sh'
[0.877s] Level 1:colcon.colcon_core.environment:checking '/media/minjin/Data/Code/ros/ros2-for-beginners-level2/install/my_robot_bringup/bin'
[0.878s] Level 1:colcon.colcon_core.environment:checking '/media/minjin/Data/Code/ros/ros2-for-beginners-level2/install/my_robot_bringup/lib/pkgconfig/my_robot_bringup.pc'
[0.878s] Level 1:colcon.colcon_core.environment:checking '/media/minjin/Data/Code/ros/ros2-for-beginners-level2/install/my_robot_bringup/lib/python3.10/site-packages'
[0.879s] Level 1:colcon.colcon_core.environment:checking '/media/minjin/Data/Code/ros/ros2-for-beginners-level2/install/my_robot_bringup/bin'
[0.880s] INFO:colcon.colcon_core.shell:Creating package script '/media/minjin/Data/Code/ros/ros2-for-beginners-level2/install/my_robot_bringup/share/my_robot_bringup/package.ps1'
[0.881s] INFO:colcon.colcon_core.shell:Creating package descriptor '/media/minjin/Data/Code/ros/ros2-for-beginners-level2/install/my_robot_bringup/share/my_robot_bringup/package.dsv'
[0.882s] INFO:colcon.colcon_core.shell:Creating package script '/media/minjin/Data/Code/ros/ros2-for-beginners-level2/install/my_robot_bringup/share/my_robot_bringup/package.sh'
[0.883s] INFO:colcon.colcon_core.shell:Creating package script '/media/minjin/Data/Code/ros/ros2-for-beginners-level2/install/my_robot_bringup/share/my_robot_bringup/package.bash'
[0.884s] INFO:colcon.colcon_core.shell:Creating package script '/media/minjin/Data/Code/ros/ros2-for-beginners-level2/install/my_robot_bringup/share/my_robot_bringup/package.zsh'
[0.884s] Level 1:colcon.colcon_core.environment:create_file_with_runtime_dependencies(/media/minjin/Data/Code/ros/ros2-for-beginners-level2/install/my_robot_bringup/share/colcon-core/packages/my_robot_bringup)
[0.884s] DEBUG:colcon.colcon_parallel_executor.executor.parallel:closing loop
[0.885s] DEBUG:colcon.colcon_parallel_executor.executor.parallel:loop closed
[0.885s] DEBUG:colcon.colcon_parallel_executor.executor.parallel:run_until_complete finished with '0'
[0.885s] DEBUG:colcon.colcon_core.event_reactor:joining thread
[0.894s] INFO:colcon.colcon_core.plugin_system:Skipping extension 'colcon_notification.desktop_notification.terminal_notifier': Not used on non-Darwin systems
[0.895s] INFO:colcon.colcon_core.plugin_system:Skipping extension 'colcon_notification.desktop_notification.win32': Not used on non-Windows systems
[0.895s] INFO:colcon.colcon_notification.desktop_notification:Sending desktop notification using 'notify2'
[0.910s] DEBUG:colcon.colcon_core.event_reactor:joined thread
[0.910s] INFO:colcon.colcon_core.shell:Creating prefix script '/media/minjin/Data/Code/ros/ros2-for-beginners-level2/install/local_setup.ps1'
[0.911s] INFO:colcon.colcon_core.shell:Creating prefix util module '/media/minjin/Data/Code/ros/ros2-for-beginners-level2/install/_local_setup_util_ps1.py'
[0.913s] INFO:colcon.colcon_core.shell:Creating prefix chain script '/media/minjin/Data/Code/ros/ros2-for-beginners-level2/install/setup.ps1'
[0.915s] INFO:colcon.colcon_core.shell:Creating prefix script '/media/minjin/Data/Code/ros/ros2-for-beginners-level2/install/local_setup.sh'
[0.917s] INFO:colcon.colcon_core.shell:Creating prefix util module '/media/minjin/Data/Code/ros/ros2-for-beginners-level2/install/_local_setup_util_sh.py'
[0.917s] INFO:colcon.colcon_core.shell:Creating prefix chain script '/media/minjin/Data/Code/ros/ros2-for-beginners-level2/install/setup.sh'
[0.919s] INFO:colcon.colcon_core.shell:Creating prefix script '/media/minjin/Data/Code/ros/ros2-for-beginners-level2/install/local_setup.bash'
[0.920s] INFO:colcon.colcon_core.shell:Creating prefix chain script '/media/minjin/Data/Code/ros/ros2-for-beginners-level2/install/setup.bash'
[0.921s] INFO:colcon.colcon_core.shell:Creating prefix script '/media/minjin/Data/Code/ros/ros2-for-beginners-level2/install/local_setup.zsh'
[0.922s] INFO:colcon.colcon_core.shell:Creating prefix chain script '/media/minjin/Data/Code/ros/ros2-for-beginners-level2/install/setup.zsh'
