[0.129s] DEBUG:colcon:Command line arguments: ['/usr/bin/colcon', 'build', '--symlink-install']
[0.130s] DEBUG:colcon:Parsed command line arguments: Namespace(log_base=None, log_level=None, verb_name='build', build_base='build', install_base='install', merge_install=False, symlink_install=True, test_result_base=None, continue_on_error=False, executor='parallel', parallel_workers=16, event_handlers=None, ignore_user_meta=False, metas=['./colcon.meta'], base_paths=['.'], packages_ignore=None, packages_ignore_regex=None, paths=None, packages_up_to=None, packages_up_to_regex=None, packages_above=None, packages_above_and_dependencies=None, packages_above_depth=None, packages_select_by_dep=None, packages_skip_by_dep=None, packages_skip_up_to=None, packages_select_build_failed=False, packages_skip_build_finished=False, packages_select_test_failures=False, packages_skip_test_passed=False, packages_select=None, packages_skip=None, packages_select_regex=None, packages_skip_regex=None, packages_start=None, packages_end=None, allow_overriding=[], cmake_args=None, cmake_target=None, cmake_target_skip_unavailable=False, cmake_clean_cache=False, cmake_clean_first=False, cmake_force_configure=False, ament_cmake_args=None, catkin_cmake_args=None, catkin_skip_building_tests=False, mixin_files=None, mixin=None, verb_parser=<colcon_mixin.mixin.mixin_argument.MixinArgumentDecorator object at 0x76cdc4994a90>, verb_extension=<colcon_core.verb.build.BuildVerb object at 0x76cdc4994580>, main=<bound method BuildVerb.main of <colcon_core.verb.build.BuildVerb object at 0x76cdc4994580>>, mixin_verb=('build',))
[0.286s] Level 1:colcon.colcon_core.package_discovery:discover_packages(colcon_meta) check parameters
[0.286s] Level 1:colcon.colcon_core.package_discovery:discover_packages(recursive) check parameters
[0.286s] Level 1:colcon.colcon_core.package_discovery:discover_packages(ignore) check parameters
[0.286s] Level 1:colcon.colcon_core.package_discovery:discover_packages(path) check parameters
[0.286s] Level 1:colcon.colcon_core.package_discovery:discover_packages(colcon_meta) discover
[0.287s] Level 1:colcon.colcon_core.package_discovery:discover_packages(recursive) discover
[0.287s] INFO:colcon.colcon_core.package_discovery:Crawling recursively for packages in '/media/minjin/Data/Code/ros/ros2-for-beginners-level2'
[0.287s] Level 1:colcon.colcon_core.package_identification:_identify(.) by extensions ['ignore', 'ignore_ament_install']
[0.287s] Level 1:colcon.colcon_core.package_identification:_identify(.) by extension 'ignore'
[0.287s] Level 1:colcon.colcon_core.package_identification:_identify(.) by extension 'ignore_ament_install'
[0.287s] Level 1:colcon.colcon_core.package_identification:_identify(.) by extensions ['colcon_pkg']
[0.287s] Level 1:colcon.colcon_core.package_identification:_identify(.) by extension 'colcon_pkg'
[0.287s] Level 1:colcon.colcon_core.package_identification:_identify(.) by extensions ['colcon_meta']
[0.287s] Level 1:colcon.colcon_core.package_identification:_identify(.) by extension 'colcon_meta'
[0.287s] Level 1:colcon.colcon_core.package_identification:_identify(.) by extensions ['ros']
[0.287s] Level 1:colcon.colcon_core.package_identification:_identify(.) by extension 'ros'
[0.298s] Level 1:colcon.colcon_core.package_identification:_identify(.) by extensions ['cmake', 'python']
[0.298s] Level 1:colcon.colcon_core.package_identification:_identify(.) by extension 'cmake'
[0.298s] Level 1:colcon.colcon_core.package_identification:_identify(.) by extension 'python'
[0.298s] Level 1:colcon.colcon_core.package_identification:_identify(.) by extensions ['python_setup_py']
[0.298s] Level 1:colcon.colcon_core.package_identification:_identify(.) by extension 'python_setup_py'
[0.298s] Level 1:colcon.colcon_core.package_identification:_identify(build) by extensions ['ignore', 'ignore_ament_install']
[0.298s] Level 1:colcon.colcon_core.package_identification:_identify(build) by extension 'ignore'
[0.298s] Level 1:colcon.colcon_core.package_identification:_identify(build) ignored
[0.298s] Level 1:colcon.colcon_core.package_identification:_identify(install) by extensions ['ignore', 'ignore_ament_install']
[0.298s] Level 1:colcon.colcon_core.package_identification:_identify(install) by extension 'ignore'
[0.298s] Level 1:colcon.colcon_core.package_identification:_identify(install) ignored
[0.298s] Level 1:colcon.colcon_core.package_identification:_identify(log) by extensions ['ignore', 'ignore_ament_install']
[0.298s] Level 1:colcon.colcon_core.package_identification:_identify(log) by extension 'ignore'
[0.298s] Level 1:colcon.colcon_core.package_identification:_identify(log) ignored
[0.298s] Level 1:colcon.colcon_core.package_identification:_identify(notes) by extensions ['ignore', 'ignore_ament_install']
[0.298s] Level 1:colcon.colcon_core.package_identification:_identify(notes) by extension 'ignore'
[0.298s] Level 1:colcon.colcon_core.package_identification:_identify(notes) by extension 'ignore_ament_install'
[0.298s] Level 1:colcon.colcon_core.package_identification:_identify(notes) by extensions ['colcon_pkg']
[0.298s] Level 1:colcon.colcon_core.package_identification:_identify(notes) by extension 'colcon_pkg'
[0.298s] Level 1:colcon.colcon_core.package_identification:_identify(notes) by extensions ['colcon_meta']
[0.298s] Level 1:colcon.colcon_core.package_identification:_identify(notes) by extension 'colcon_meta'
[0.298s] Level 1:colcon.colcon_core.package_identification:_identify(notes) by extensions ['ros']
[0.298s] Level 1:colcon.colcon_core.package_identification:_identify(notes) by extension 'ros'
[0.298s] Level 1:colcon.colcon_core.package_identification:_identify(notes) by extensions ['cmake', 'python']
[0.299s] Level 1:colcon.colcon_core.package_identification:_identify(notes) by extension 'cmake'
[0.299s] Level 1:colcon.colcon_core.package_identification:_identify(notes) by extension 'python'
[0.299s] Level 1:colcon.colcon_core.package_identification:_identify(notes) by extensions ['python_setup_py']
[0.299s] Level 1:colcon.colcon_core.package_identification:_identify(notes) by extension 'python_setup_py'
[0.299s] Level 1:colcon.colcon_core.package_identification:_identify(notes/images) by extensions ['ignore', 'ignore_ament_install']
[0.299s] Level 1:colcon.colcon_core.package_identification:_identify(notes/images) by extension 'ignore'
[0.299s] Level 1:colcon.colcon_core.package_identification:_identify(notes/images) by extension 'ignore_ament_install'
[0.299s] Level 1:colcon.colcon_core.package_identification:_identify(notes/images) by extensions ['colcon_pkg']
[0.299s] Level 1:colcon.colcon_core.package_identification:_identify(notes/images) by extension 'colcon_pkg'
[0.299s] Level 1:colcon.colcon_core.package_identification:_identify(notes/images) by extensions ['colcon_meta']
[0.299s] Level 1:colcon.colcon_core.package_identification:_identify(notes/images) by extension 'colcon_meta'
[0.299s] Level 1:colcon.colcon_core.package_identification:_identify(notes/images) by extensions ['ros']
[0.299s] Level 1:colcon.colcon_core.package_identification:_identify(notes/images) by extension 'ros'
[0.299s] Level 1:colcon.colcon_core.package_identification:_identify(notes/images) by extensions ['cmake', 'python']
[0.299s] Level 1:colcon.colcon_core.package_identification:_identify(notes/images) by extension 'cmake'
[0.299s] Level 1:colcon.colcon_core.package_identification:_identify(notes/images) by extension 'python'
[0.299s] Level 1:colcon.colcon_core.package_identification:_identify(notes/images) by extensions ['python_setup_py']
[0.299s] Level 1:colcon.colcon_core.package_identification:_identify(notes/images) by extension 'python_setup_py'
[0.299s] Level 1:colcon.colcon_core.package_identification:_identify(src) by extensions ['ignore', 'ignore_ament_install']
[0.299s] Level 1:colcon.colcon_core.package_identification:_identify(src) by extension 'ignore'
[0.299s] Level 1:colcon.colcon_core.package_identification:_identify(src) by extension 'ignore_ament_install'
[0.299s] Level 1:colcon.colcon_core.package_identification:_identify(src) by extensions ['colcon_pkg']
[0.299s] Level 1:colcon.colcon_core.package_identification:_identify(src) by extension 'colcon_pkg'
[0.299s] Level 1:colcon.colcon_core.package_identification:_identify(src) by extensions ['colcon_meta']
[0.299s] Level 1:colcon.colcon_core.package_identification:_identify(src) by extension 'colcon_meta'
[0.299s] Level 1:colcon.colcon_core.package_identification:_identify(src) by extensions ['ros']
[0.299s] Level 1:colcon.colcon_core.package_identification:_identify(src) by extension 'ros'
[0.299s] Level 1:colcon.colcon_core.package_identification:_identify(src) by extensions ['cmake', 'python']
[0.299s] Level 1:colcon.colcon_core.package_identification:_identify(src) by extension 'cmake'
[0.299s] Level 1:colcon.colcon_core.package_identification:_identify(src) by extension 'python'
[0.299s] Level 1:colcon.colcon_core.package_identification:_identify(src) by extensions ['python_setup_py']
[0.299s] Level 1:colcon.colcon_core.package_identification:_identify(src) by extension 'python_setup_py'
[0.299s] Level 1:colcon.colcon_core.package_identification:_identify(src/my_robot_bringup) by extensions ['ignore', 'ignore_ament_install']
[0.299s] Level 1:colcon.colcon_core.package_identification:_identify(src/my_robot_bringup) by extension 'ignore'
[0.299s] Level 1:colcon.colcon_core.package_identification:_identify(src/my_robot_bringup) by extension 'ignore_ament_install'
[0.300s] Level 1:colcon.colcon_core.package_identification:_identify(src/my_robot_bringup) by extensions ['colcon_pkg']
[0.300s] Level 1:colcon.colcon_core.package_identification:_identify(src/my_robot_bringup) by extension 'colcon_pkg'
[0.300s] Level 1:colcon.colcon_core.package_identification:_identify(src/my_robot_bringup) by extensions ['colcon_meta']
[0.300s] Level 1:colcon.colcon_core.package_identification:_identify(src/my_robot_bringup) by extension 'colcon_meta'
[0.300s] Level 1:colcon.colcon_core.package_identification:_identify(src/my_robot_bringup) by extensions ['ros']
[0.300s] Level 1:colcon.colcon_core.package_identification:_identify(src/my_robot_bringup) by extension 'ros'
[0.301s] DEBUG:colcon.colcon_core.package_identification:Package 'src/my_robot_bringup' with type 'ros.ament_cmake' and name 'my_robot_bringup'
[0.301s] Level 1:colcon.colcon_core.package_identification:_identify(src/my_robot_description) by extensions ['ignore', 'ignore_ament_install']
[0.301s] Level 1:colcon.colcon_core.package_identification:_identify(src/my_robot_description) by extension 'ignore'
[0.301s] Level 1:colcon.colcon_core.package_identification:_identify(src/my_robot_description) by extension 'ignore_ament_install'
[0.301s] Level 1:colcon.colcon_core.package_identification:_identify(src/my_robot_description) by extensions ['colcon_pkg']
[0.301s] Level 1:colcon.colcon_core.package_identification:_identify(src/my_robot_description) by extension 'colcon_pkg'
[0.301s] Level 1:colcon.colcon_core.package_identification:_identify(src/my_robot_description) by extensions ['colcon_meta']
[0.301s] Level 1:colcon.colcon_core.package_identification:_identify(src/my_robot_description) by extension 'colcon_meta'
[0.301s] Level 1:colcon.colcon_core.package_identification:_identify(src/my_robot_description) by extensions ['ros']
[0.301s] Level 1:colcon.colcon_core.package_identification:_identify(src/my_robot_description) by extension 'ros'
[0.301s] DEBUG:colcon.colcon_core.package_identification:Package 'src/my_robot_description' with type 'ros.ament_cmake' and name 'my_robot_description'
[0.301s] Level 1:colcon.colcon_core.package_discovery:discover_packages(recursive) using defaults
[0.302s] Level 1:colcon.colcon_core.package_discovery:discover_packages(ignore) discover
[0.302s] Level 1:colcon.colcon_core.package_discovery:discover_packages(ignore) using defaults
[0.302s] Level 1:colcon.colcon_core.package_discovery:discover_packages(path) discover
[0.302s] Level 1:colcon.colcon_core.package_discovery:discover_packages(path) using defaults
[0.314s] Level 1:colcon.colcon_core.package_discovery:discover_packages(prefix_path) check parameters
[0.314s] Level 1:colcon.colcon_core.package_discovery:discover_packages(prefix_path) discover
[0.316s] DEBUG:colcon.colcon_installed_package_information.package_discovery:Found 2 installed packages in /media/minjin/Data/Code/ros/ros2-for-beginners-level2/install
[0.316s] DEBUG:colcon.colcon_installed_package_information.package_discovery:Found 2 installed packages in /home/minjin/ros2-tutorial-urdf/install
[0.317s] DEBUG:colcon.colcon_installed_package_information.package_discovery:Found 403 installed packages in /opt/ros/humble
[0.318s] Level 1:colcon.colcon_core.package_discovery:discover_packages(prefix_path) using defaults
[0.347s] Level 5:colcon.colcon_core.verb:set package 'my_robot_description' build argument 'cmake_args' from command line to 'None'
[0.347s] Level 5:colcon.colcon_core.verb:set package 'my_robot_description' build argument 'cmake_target' from command line to 'None'
[0.347s] Level 5:colcon.colcon_core.verb:set package 'my_robot_description' build argument 'cmake_target_skip_unavailable' from command line to 'False'
[0.347s] Level 5:colcon.colcon_core.verb:set package 'my_robot_description' build argument 'cmake_clean_cache' from command line to 'False'
[0.347s] Level 5:colcon.colcon_core.verb:set package 'my_robot_description' build argument 'cmake_clean_first' from command line to 'False'
[0.347s] Level 5:colcon.colcon_core.verb:set package 'my_robot_description' build argument 'cmake_force_configure' from command line to 'False'
[0.347s] Level 5:colcon.colcon_core.verb:set package 'my_robot_description' build argument 'ament_cmake_args' from command line to 'None'
[0.347s] Level 5:colcon.colcon_core.verb:set package 'my_robot_description' build argument 'catkin_cmake_args' from command line to 'None'
[0.347s] Level 5:colcon.colcon_core.verb:set package 'my_robot_description' build argument 'catkin_skip_building_tests' from command line to 'False'
[0.347s] DEBUG:colcon.colcon_core.verb:Building package 'my_robot_description' with the following arguments: {'ament_cmake_args': None, 'build_base': '/media/minjin/Data/Code/ros/ros2-for-beginners-level2/build/my_robot_description', 'catkin_cmake_args': None, 'catkin_skip_building_tests': False, 'cmake_args': None, 'cmake_clean_cache': False, 'cmake_clean_first': False, 'cmake_force_configure': False, 'cmake_target': None, 'cmake_target_skip_unavailable': False, 'install_base': '/media/minjin/Data/Code/ros/ros2-for-beginners-level2/install/my_robot_description', 'merge_install': False, 'path': '/media/minjin/Data/Code/ros/ros2-for-beginners-level2/src/my_robot_description', 'symlink_install': True, 'test_result_base': None}
[0.347s] Level 5:colcon.colcon_core.verb:set package 'my_robot_bringup' build argument 'cmake_args' from command line to 'None'
[0.347s] Level 5:colcon.colcon_core.verb:set package 'my_robot_bringup' build argument 'cmake_target' from command line to 'None'
[0.347s] Level 5:colcon.colcon_core.verb:set package 'my_robot_bringup' build argument 'cmake_target_skip_unavailable' from command line to 'False'
[0.347s] Level 5:colcon.colcon_core.verb:set package 'my_robot_bringup' build argument 'cmake_clean_cache' from command line to 'False'
[0.347s] Level 5:colcon.colcon_core.verb:set package 'my_robot_bringup' build argument 'cmake_clean_first' from command line to 'False'
[0.347s] Level 5:colcon.colcon_core.verb:set package 'my_robot_bringup' build argument 'cmake_force_configure' from command line to 'False'
[0.347s] Level 5:colcon.colcon_core.verb:set package 'my_robot_bringup' build argument 'ament_cmake_args' from command line to 'None'
[0.347s] Level 5:colcon.colcon_core.verb:set package 'my_robot_bringup' build argument 'catkin_cmake_args' from command line to 'None'
[0.347s] Level 5:colcon.colcon_core.verb:set package 'my_robot_bringup' build argument 'catkin_skip_building_tests' from command line to 'False'
[0.347s] DEBUG:colcon.colcon_core.verb:Building package 'my_robot_bringup' with the following arguments: {'ament_cmake_args': None, 'build_base': '/media/minjin/Data/Code/ros/ros2-for-beginners-level2/build/my_robot_bringup', 'catkin_cmake_args': None, 'catkin_skip_building_tests': False, 'cmake_args': None, 'cmake_clean_cache': False, 'cmake_clean_first': False, 'cmake_force_configure': False, 'cmake_target': None, 'cmake_target_skip_unavailable': False, 'install_base': '/media/minjin/Data/Code/ros/ros2-for-beginners-level2/install/my_robot_bringup', 'merge_install': False, 'path': '/media/minjin/Data/Code/ros/ros2-for-beginners-level2/src/my_robot_bringup', 'symlink_install': True, 'test_result_base': None}
[0.347s] INFO:colcon.colcon_core.executor:Executing jobs using 'parallel' executor
[0.348s] DEBUG:colcon.colcon_parallel_executor.executor.parallel:run_until_complete
[0.348s] INFO:colcon.colcon_ros.task.ament_cmake.build:Building ROS package in '/media/minjin/Data/Code/ros/ros2-for-beginners-level2/src/my_robot_description' with build type 'ament_cmake'
[0.348s] INFO:colcon.colcon_cmake.task.cmake.build:Building CMake package in '/media/minjin/Data/Code/ros/ros2-for-beginners-level2/src/my_robot_description'
[0.351s] INFO:colcon.colcon_core.plugin_system:Skipping extension 'colcon_core.shell.bat': Not used on non-Windows systems
[0.351s] INFO:colcon.colcon_core.shell:Skip shell extension 'powershell' for command environment: Not usable outside of PowerShell
[0.351s] DEBUG:colcon.colcon_core.shell:Skip shell extension 'dsv' for command environment
[0.373s] DEBUG:colcon.colcon_core.event_handler.log_command:Invoking command in '/media/minjin/Data/Code/ros/ros2-for-beginners-level2/build/my_robot_description': CMAKE_PREFIX_PATH=${CMAKE_PREFIX_PATH}:/opt/ros/humble /usr/bin/cmake --build /media/minjin/Data/Code/ros/ros2-for-beginners-level2/build/my_robot_description -- -j16 -l16
[0.452s] DEBUG:colcon.colcon_core.event_handler.log_command:Invoked command in '/media/minjin/Data/Code/ros/ros2-for-beginners-level2/build/my_robot_description' returned '0': CMAKE_PREFIX_PATH=${CMAKE_PREFIX_PATH}:/opt/ros/humble /usr/bin/cmake --build /media/minjin/Data/Code/ros/ros2-for-beginners-level2/build/my_robot_description -- -j16 -l16
[0.502s] DEBUG:colcon.colcon_core.event_handler.log_command:Invoking command in '/media/minjin/Data/Code/ros/ros2-for-beginners-level2/build/my_robot_description': CMAKE_PREFIX_PATH=${CMAKE_PREFIX_PATH}:/opt/ros/humble /usr/bin/cmake --install /media/minjin/Data/Code/ros/ros2-for-beginners-level2/build/my_robot_description
[0.566s] Level 1:colcon.colcon_core.environment:create_environment_scripts_only(my_robot_description)
[0.567s] DEBUG:colcon.colcon_core.event_handler.log_command:Invoked command in '/media/minjin/Data/Code/ros/ros2-for-beginners-level2/build/my_robot_description' returned '0': CMAKE_PREFIX_PATH=${CMAKE_PREFIX_PATH}:/opt/ros/humble /usr/bin/cmake --install /media/minjin/Data/Code/ros/ros2-for-beginners-level2/build/my_robot_description
[0.571s] Level 1:colcon.colcon_core.environment:checking '/media/minjin/Data/Code/ros/ros2-for-beginners-level2/install/my_robot_description' for CMake module files
[0.572s] Level 1:colcon.colcon_core.environment:checking '/media/minjin/Data/Code/ros/ros2-for-beginners-level2/install/my_robot_description' for CMake config files
[0.572s] Level 1:colcon.colcon_core.shell:create_environment_hook('my_robot_description', 'cmake_prefix_path')
[0.572s] INFO:colcon.colcon_core.shell:Creating environment hook '/media/minjin/Data/Code/ros/ros2-for-beginners-level2/install/my_robot_description/share/my_robot_description/hook/cmake_prefix_path.ps1'
[0.573s] INFO:colcon.colcon_core.shell:Creating environment descriptor '/media/minjin/Data/Code/ros/ros2-for-beginners-level2/install/my_robot_description/share/my_robot_description/hook/cmake_prefix_path.dsv'
[0.574s] INFO:colcon.colcon_core.shell:Creating environment hook '/media/minjin/Data/Code/ros/ros2-for-beginners-level2/install/my_robot_description/share/my_robot_description/hook/cmake_prefix_path.sh'
[0.575s] Level 1:colcon.colcon_core.environment:checking '/media/minjin/Data/Code/ros/ros2-for-beginners-level2/install/my_robot_description/bin'
[0.575s] Level 1:colcon.colcon_core.environment:checking '/media/minjin/Data/Code/ros/ros2-for-beginners-level2/install/my_robot_description/lib/pkgconfig/my_robot_description.pc'
[0.575s] Level 1:colcon.colcon_core.environment:checking '/media/minjin/Data/Code/ros/ros2-for-beginners-level2/install/my_robot_description/lib/python3.10/site-packages'
[0.575s] Level 1:colcon.colcon_core.environment:checking '/media/minjin/Data/Code/ros/ros2-for-beginners-level2/install/my_robot_description/bin'
[0.575s] INFO:colcon.colcon_core.shell:Creating package script '/media/minjin/Data/Code/ros/ros2-for-beginners-level2/install/my_robot_description/share/my_robot_description/package.ps1'
[0.576s] INFO:colcon.colcon_core.shell:Creating package descriptor '/media/minjin/Data/Code/ros/ros2-for-beginners-level2/install/my_robot_description/share/my_robot_description/package.dsv'
[0.577s] INFO:colcon.colcon_core.shell:Creating package script '/media/minjin/Data/Code/ros/ros2-for-beginners-level2/install/my_robot_description/share/my_robot_description/package.sh'
[0.577s] INFO:colcon.colcon_core.shell:Creating package script '/media/minjin/Data/Code/ros/ros2-for-beginners-level2/install/my_robot_description/share/my_robot_description/package.bash'
[0.578s] INFO:colcon.colcon_core.shell:Creating package script '/media/minjin/Data/Code/ros/ros2-for-beginners-level2/install/my_robot_description/share/my_robot_description/package.zsh'
[0.578s] Level 1:colcon.colcon_core.environment:create_file_with_runtime_dependencies(/media/minjin/Data/Code/ros/ros2-for-beginners-level2/install/my_robot_description/share/colcon-core/packages/my_robot_description)
[0.597s] Level 1:colcon.colcon_core.environment:create_environment_scripts_only(my_robot_description)
[0.597s] Level 1:colcon.colcon_core.environment:checking '/media/minjin/Data/Code/ros/ros2-for-beginners-level2/install/my_robot_description' for CMake module files
[0.598s] Level 1:colcon.colcon_core.environment:checking '/media/minjin/Data/Code/ros/ros2-for-beginners-level2/install/my_robot_description' for CMake config files
[0.598s] Level 1:colcon.colcon_core.shell:create_environment_hook('my_robot_description', 'cmake_prefix_path')
[0.598s] INFO:colcon.colcon_core.shell:Creating environment hook '/media/minjin/Data/Code/ros/ros2-for-beginners-level2/install/my_robot_description/share/my_robot_description/hook/cmake_prefix_path.ps1'
[0.599s] INFO:colcon.colcon_core.shell:Creating environment descriptor '/media/minjin/Data/Code/ros/ros2-for-beginners-level2/install/my_robot_description/share/my_robot_description/hook/cmake_prefix_path.dsv'
[0.599s] INFO:colcon.colcon_core.shell:Creating environment hook '/media/minjin/Data/Code/ros/ros2-for-beginners-level2/install/my_robot_description/share/my_robot_description/hook/cmake_prefix_path.sh'
[0.600s] Level 1:colcon.colcon_core.environment:checking '/media/minjin/Data/Code/ros/ros2-for-beginners-level2/install/my_robot_description/bin'
[0.600s] Level 1:colcon.colcon_core.environment:checking '/media/minjin/Data/Code/ros/ros2-for-beginners-level2/install/my_robot_description/lib/pkgconfig/my_robot_description.pc'
[0.600s] Level 1:colcon.colcon_core.environment:checking '/media/minjin/Data/Code/ros/ros2-for-beginners-level2/install/my_robot_description/lib/python3.10/site-packages'
[0.600s] Level 1:colcon.colcon_core.environment:checking '/media/minjin/Data/Code/ros/ros2-for-beginners-level2/install/my_robot_description/bin'
[0.601s] INFO:colcon.colcon_core.shell:Creating package script '/media/minjin/Data/Code/ros/ros2-for-beginners-level2/install/my_robot_description/share/my_robot_description/package.ps1'
[0.601s] INFO:colcon.colcon_core.shell:Creating package descriptor '/media/minjin/Data/Code/ros/ros2-for-beginners-level2/install/my_robot_description/share/my_robot_description/package.dsv'
[0.602s] INFO:colcon.colcon_core.shell:Creating package script '/media/minjin/Data/Code/ros/ros2-for-beginners-level2/install/my_robot_description/share/my_robot_description/package.sh'
[0.603s] INFO:colcon.colcon_core.shell:Creating package script '/media/minjin/Data/Code/ros/ros2-for-beginners-level2/install/my_robot_description/share/my_robot_description/package.bash'
[0.603s] INFO:colcon.colcon_core.shell:Creating package script '/media/minjin/Data/Code/ros/ros2-for-beginners-level2/install/my_robot_description/share/my_robot_description/package.zsh'
[0.603s] Level 1:colcon.colcon_core.environment:create_file_with_runtime_dependencies(/media/minjin/Data/Code/ros/ros2-for-beginners-level2/install/my_robot_description/share/colcon-core/packages/my_robot_description)
[0.604s] INFO:colcon.colcon_ros.task.ament_cmake.build:Building ROS package in '/media/minjin/Data/Code/ros/ros2-for-beginners-level2/src/my_robot_bringup' with build type 'ament_cmake'
[0.604s] INFO:colcon.colcon_cmake.task.cmake.build:Building CMake package in '/media/minjin/Data/Code/ros/ros2-for-beginners-level2/src/my_robot_bringup'
[0.604s] INFO:colcon.colcon_core.shell:Skip shell extension 'powershell' for command environment: Not usable outside of PowerShell
[0.604s] DEBUG:colcon.colcon_core.shell:Skip shell extension 'dsv' for command environment
[0.641s] DEBUG:colcon.colcon_core.event_handler.log_command:Invoking command in '/media/minjin/Data/Code/ros/ros2-for-beginners-level2/build/my_robot_bringup': CMAKE_PREFIX_PATH=/media/minjin/Data/Code/ros/ros2-for-beginners-level2/install/my_robot_description:/media/minjin/Data/Code/ros/ros2-for-beginners-level2/install/my_robot_bringup:/home/minjin/ros2-tutorial-urdf/install/my_robot_bringup:/home/minjin/ros2-tutorial-urdf/install/my_robot_description:/opt/ros/humble /usr/bin/cmake --build /media/minjin/Data/Code/ros/ros2-for-beginners-level2/build/my_robot_bringup -- -j16 -l16
[0.716s] DEBUG:colcon.colcon_core.event_handler.log_command:Invoked command in '/media/minjin/Data/Code/ros/ros2-for-beginners-level2/build/my_robot_bringup' returned '0': CMAKE_PREFIX_PATH=/media/minjin/Data/Code/ros/ros2-for-beginners-level2/install/my_robot_description:/media/minjin/Data/Code/ros/ros2-for-beginners-level2/install/my_robot_bringup:/home/minjin/ros2-tutorial-urdf/install/my_robot_bringup:/home/minjin/ros2-tutorial-urdf/install/my_robot_description:/opt/ros/humble /usr/bin/cmake --build /media/minjin/Data/Code/ros/ros2-for-beginners-level2/build/my_robot_bringup -- -j16 -l16
[0.732s] DEBUG:colcon.colcon_core.event_handler.log_command:Invoking command in '/media/minjin/Data/Code/ros/ros2-for-beginners-level2/build/my_robot_bringup': CMAKE_PREFIX_PATH=/media/minjin/Data/Code/ros/ros2-for-beginners-level2/install/my_robot_description:/media/minjin/Data/Code/ros/ros2-for-beginners-level2/install/my_robot_bringup:/home/minjin/ros2-tutorial-urdf/install/my_robot_bringup:/home/minjin/ros2-tutorial-urdf/install/my_robot_description:/opt/ros/humble /usr/bin/cmake --install /media/minjin/Data/Code/ros/ros2-for-beginners-level2/build/my_robot_bringup
[0.761s] Level 1:colcon.colcon_core.environment:create_environment_scripts_only(my_robot_bringup)
[0.761s] Level 1:colcon.colcon_core.environment:checking '/media/minjin/Data/Code/ros/ros2-for-beginners-level2/install/my_robot_bringup' for CMake module files
[0.762s] DEBUG:colcon.colcon_core.event_handler.log_command:Invoked command in '/media/minjin/Data/Code/ros/ros2-for-beginners-level2/build/my_robot_bringup' returned '0': CMAKE_PREFIX_PATH=/media/minjin/Data/Code/ros/ros2-for-beginners-level2/install/my_robot_description:/media/minjin/Data/Code/ros/ros2-for-beginners-level2/install/my_robot_bringup:/home/minjin/ros2-tutorial-urdf/install/my_robot_bringup:/home/minjin/ros2-tutorial-urdf/install/my_robot_description:/opt/ros/humble /usr/bin/cmake --install /media/minjin/Data/Code/ros/ros2-for-beginners-level2/build/my_robot_bringup
[0.762s] Level 1:colcon.colcon_core.environment:checking '/media/minjin/Data/Code/ros/ros2-for-beginners-level2/install/my_robot_bringup' for CMake config files
[0.762s] Level 1:colcon.colcon_core.shell:create_environment_hook('my_robot_bringup', 'cmake_prefix_path')
[0.762s] INFO:colcon.colcon_core.shell:Creating environment hook '/media/minjin/Data/Code/ros/ros2-for-beginners-level2/install/my_robot_bringup/share/my_robot_bringup/hook/cmake_prefix_path.ps1'
[0.763s] INFO:colcon.colcon_core.shell:Creating environment descriptor '/media/minjin/Data/Code/ros/ros2-for-beginners-level2/install/my_robot_bringup/share/my_robot_bringup/hook/cmake_prefix_path.dsv'
[0.763s] INFO:colcon.colcon_core.shell:Creating environment hook '/media/minjin/Data/Code/ros/ros2-for-beginners-level2/install/my_robot_bringup/share/my_robot_bringup/hook/cmake_prefix_path.sh'
[0.763s] Level 1:colcon.colcon_core.environment:checking '/media/minjin/Data/Code/ros/ros2-for-beginners-level2/install/my_robot_bringup/bin'
[0.763s] Level 1:colcon.colcon_core.environment:checking '/media/minjin/Data/Code/ros/ros2-for-beginners-level2/install/my_robot_bringup/lib/pkgconfig/my_robot_bringup.pc'
[0.764s] Level 1:colcon.colcon_core.environment:checking '/media/minjin/Data/Code/ros/ros2-for-beginners-level2/install/my_robot_bringup/lib/python3.10/site-packages'
[0.764s] Level 1:colcon.colcon_core.environment:checking '/media/minjin/Data/Code/ros/ros2-for-beginners-level2/install/my_robot_bringup/bin'
[0.764s] INFO:colcon.colcon_core.shell:Creating package script '/media/minjin/Data/Code/ros/ros2-for-beginners-level2/install/my_robot_bringup/share/my_robot_bringup/package.ps1'
[0.764s] INFO:colcon.colcon_core.shell:Creating package descriptor '/media/minjin/Data/Code/ros/ros2-for-beginners-level2/install/my_robot_bringup/share/my_robot_bringup/package.dsv'
[0.764s] INFO:colcon.colcon_core.shell:Creating package script '/media/minjin/Data/Code/ros/ros2-for-beginners-level2/install/my_robot_bringup/share/my_robot_bringup/package.sh'
[0.765s] INFO:colcon.colcon_core.shell:Creating package script '/media/minjin/Data/Code/ros/ros2-for-beginners-level2/install/my_robot_bringup/share/my_robot_bringup/package.bash'
[0.765s] INFO:colcon.colcon_core.shell:Creating package script '/media/minjin/Data/Code/ros/ros2-for-beginners-level2/install/my_robot_bringup/share/my_robot_bringup/package.zsh'
[0.765s] Level 1:colcon.colcon_core.environment:create_file_with_runtime_dependencies(/media/minjin/Data/Code/ros/ros2-for-beginners-level2/install/my_robot_bringup/share/colcon-core/packages/my_robot_bringup)
[0.784s] Level 1:colcon.colcon_core.environment:create_environment_scripts_only(my_robot_bringup)
[0.784s] Level 1:colcon.colcon_core.environment:checking '/media/minjin/Data/Code/ros/ros2-for-beginners-level2/install/my_robot_bringup' for CMake module files
[0.784s] Level 1:colcon.colcon_core.environment:checking '/media/minjin/Data/Code/ros/ros2-for-beginners-level2/install/my_robot_bringup' for CMake config files
[0.784s] Level 1:colcon.colcon_core.shell:create_environment_hook('my_robot_bringup', 'cmake_prefix_path')
[0.784s] INFO:colcon.colcon_core.shell:Creating environment hook '/media/minjin/Data/Code/ros/ros2-for-beginners-level2/install/my_robot_bringup/share/my_robot_bringup/hook/cmake_prefix_path.ps1'
[0.785s] INFO:colcon.colcon_core.shell:Creating environment descriptor '/media/minjin/Data/Code/ros/ros2-for-beginners-level2/install/my_robot_bringup/share/my_robot_bringup/hook/cmake_prefix_path.dsv'
[0.785s] INFO:colcon.colcon_core.shell:Creating environment hook '/media/minjin/Data/Code/ros/ros2-for-beginners-level2/install/my_robot_bringup/share/my_robot_bringup/hook/cmake_prefix_path.sh'
[0.785s] Level 1:colcon.colcon_core.environment:checking '/media/minjin/Data/Code/ros/ros2-for-beginners-level2/install/my_robot_bringup/bin'
[0.785s] Level 1:colcon.colcon_core.environment:checking '/media/minjin/Data/Code/ros/ros2-for-beginners-level2/install/my_robot_bringup/lib/pkgconfig/my_robot_bringup.pc'
[0.785s] Level 1:colcon.colcon_core.environment:checking '/media/minjin/Data/Code/ros/ros2-for-beginners-level2/install/my_robot_bringup/lib/python3.10/site-packages'
[0.785s] Level 1:colcon.colcon_core.environment:checking '/media/minjin/Data/Code/ros/ros2-for-beginners-level2/install/my_robot_bringup/bin'
[0.786s] INFO:colcon.colcon_core.shell:Creating package script '/media/minjin/Data/Code/ros/ros2-for-beginners-level2/install/my_robot_bringup/share/my_robot_bringup/package.ps1'
[0.786s] INFO:colcon.colcon_core.shell:Creating package descriptor '/media/minjin/Data/Code/ros/ros2-for-beginners-level2/install/my_robot_bringup/share/my_robot_bringup/package.dsv'
[0.786s] INFO:colcon.colcon_core.shell:Creating package script '/media/minjin/Data/Code/ros/ros2-for-beginners-level2/install/my_robot_bringup/share/my_robot_bringup/package.sh'
[0.786s] INFO:colcon.colcon_core.shell:Creating package script '/media/minjin/Data/Code/ros/ros2-for-beginners-level2/install/my_robot_bringup/share/my_robot_bringup/package.bash'
[0.786s] INFO:colcon.colcon_core.shell:Creating package script '/media/minjin/Data/Code/ros/ros2-for-beginners-level2/install/my_robot_bringup/share/my_robot_bringup/package.zsh'
[0.787s] Level 1:colcon.colcon_core.environment:create_file_with_runtime_dependencies(/media/minjin/Data/Code/ros/ros2-for-beginners-level2/install/my_robot_bringup/share/colcon-core/packages/my_robot_bringup)
[0.787s] DEBUG:colcon.colcon_parallel_executor.executor.parallel:closing loop
[0.787s] DEBUG:colcon.colcon_parallel_executor.executor.parallel:loop closed
[0.787s] DEBUG:colcon.colcon_parallel_executor.executor.parallel:run_until_complete finished with '0'
[0.787s] DEBUG:colcon.colcon_core.event_reactor:joining thread
[0.791s] INFO:colcon.colcon_core.plugin_system:Skipping extension 'colcon_notification.desktop_notification.terminal_notifier': Not used on non-Darwin systems
[0.791s] INFO:colcon.colcon_core.plugin_system:Skipping extension 'colcon_notification.desktop_notification.win32': Not used on non-Windows systems
[0.791s] INFO:colcon.colcon_notification.desktop_notification:Sending desktop notification using 'notify2'
[0.802s] DEBUG:colcon.colcon_core.event_reactor:joined thread
[0.802s] INFO:colcon.colcon_core.shell:Creating prefix script '/media/minjin/Data/Code/ros/ros2-for-beginners-level2/install/local_setup.ps1'
[0.803s] INFO:colcon.colcon_core.shell:Creating prefix util module '/media/minjin/Data/Code/ros/ros2-for-beginners-level2/install/_local_setup_util_ps1.py'
[0.804s] INFO:colcon.colcon_core.shell:Creating prefix chain script '/media/minjin/Data/Code/ros/ros2-for-beginners-level2/install/setup.ps1'
[0.805s] INFO:colcon.colcon_core.shell:Creating prefix script '/media/minjin/Data/Code/ros/ros2-for-beginners-level2/install/local_setup.sh'
[0.806s] INFO:colcon.colcon_core.shell:Creating prefix util module '/media/minjin/Data/Code/ros/ros2-for-beginners-level2/install/_local_setup_util_sh.py'
[0.806s] INFO:colcon.colcon_core.shell:Creating prefix chain script '/media/minjin/Data/Code/ros/ros2-for-beginners-level2/install/setup.sh'
[0.807s] INFO:colcon.colcon_core.shell:Creating prefix script '/media/minjin/Data/Code/ros/ros2-for-beginners-level2/install/local_setup.bash'
[0.807s] INFO:colcon.colcon_core.shell:Creating prefix chain script '/media/minjin/Data/Code/ros/ros2-for-beginners-level2/install/setup.bash'
[0.808s] INFO:colcon.colcon_core.shell:Creating prefix script '/media/minjin/Data/Code/ros/ros2-for-beginners-level2/install/local_setup.zsh'
[0.809s] INFO:colcon.colcon_core.shell:Creating prefix chain script '/media/minjin/Data/Code/ros/ros2-for-beginners-level2/install/setup.zsh'
