[0.009s] Invoking command in '/media/minjin/Data/Code/ros/ros2-for-beginners-level2/build/my_robot_bringup': AMENT_PREFIX_PATH=/media/minjin/Data/Code/ros/ros2-for-beginners-level2/install/my_robot_description:${AMENT_PREFIX_PATH} CMAKE_PREFIX_PATH=/media/minjin/Data/Code/ros/ros2-for-beginners-level2/install/my_robot_description:/home/minjin/ros2-tutorial-urdf/install/my_robot_bringup:/home/minjin/ros2-tutorial-urdf/install/my_robot_description:/opt/ros/humble /usr/bin/cmake --build /media/minjin/Data/Code/ros/ros2-for-beginners-level2/build/my_robot_bringup -- -j16 -l16
[0.035s] Invoked command in '/media/minjin/Data/Code/ros/ros2-for-beginners-level2/build/my_robot_bringup' returned '0': AMENT_PREFIX_PATH=/media/minjin/Data/Code/ros/ros2-for-beginners-level2/install/my_robot_description:${AMENT_PREFIX_PATH} CMAKE_PREFIX_PATH=/media/minjin/Data/Code/ros/ros2-for-beginners-level2/install/my_robot_description:/home/minjin/ros2-tutorial-urdf/install/my_robot_bringup:/home/minjin/ros2-tutorial-urdf/install/my_robot_description:/opt/ros/humble /usr/bin/cmake --build /media/minjin/Data/Code/ros/ros2-for-beginners-level2/build/my_robot_bringup -- -j16 -l16
[0.057s] Invoking command in '/media/minjin/Data/Code/ros/ros2-for-beginners-level2/build/my_robot_bringup': AMENT_PREFIX_PATH=/media/minjin/Data/Code/ros/ros2-for-beginners-level2/install/my_robot_description:${AMENT_PREFIX_PATH} CMAKE_PREFIX_PATH=/media/minjin/Data/Code/ros/ros2-for-beginners-level2/install/my_robot_description:/home/minjin/ros2-tutorial-urdf/install/my_robot_bringup:/home/minjin/ros2-tutorial-urdf/install/my_robot_description:/opt/ros/humble /usr/bin/cmake --install /media/minjin/Data/Code/ros/ros2-for-beginners-level2/build/my_robot_bringup
[0.062s] -- Install configuration: ""
[0.062s] -- Execute custom install script
[0.062s] -- Up-to-date symlink: /media/minjin/Data/Code/ros/ros2-for-beginners-level2/install/my_robot_bringup/share/my_robot_bringup/launch/my_robot_gazebo.launch.xml
[0.062s] -- Up-to-date symlink: /media/minjin/Data/Code/ros/ros2-for-beginners-level2/install/my_robot_bringup/share/my_robot_bringup/rviz/urdf_config.rviz
[0.062s] -- Up-to-date symlink: /media/minjin/Data/Code/ros/ros2-for-beginners-level2/install/my_robot_bringup/share/my_robot_bringup/worlds/test_world.world
[0.062s] -- Up-to-date symlink: /media/minjin/Data/Code/ros/ros2-for-beginners-level2/install/my_robot_bringup/share/ament_index/resource_index/package_run_dependencies/my_robot_bringup
[0.063s] -- Up-to-date symlink: /media/minjin/Data/Code/ros/ros2-for-beginners-level2/install/my_robot_bringup/share/ament_index/resource_index/parent_prefix_path/my_robot_bringup
[0.063s] -- Up-to-date symlink: /media/minjin/Data/Code/ros/ros2-for-beginners-level2/install/my_robot_bringup/share/my_robot_bringup/environment/ament_prefix_path.sh
[0.063s] -- Up-to-date symlink: /media/minjin/Data/Code/ros/ros2-for-beginners-level2/install/my_robot_bringup/share/my_robot_bringup/environment/ament_prefix_path.dsv
[0.063s] -- Up-to-date symlink: /media/minjin/Data/Code/ros/ros2-for-beginners-level2/install/my_robot_bringup/share/my_robot_bringup/environment/path.sh
[0.063s] -- Up-to-date symlink: /media/minjin/Data/Code/ros/ros2-for-beginners-level2/install/my_robot_bringup/share/my_robot_bringup/environment/path.dsv
[0.063s] -- Up-to-date symlink: /media/minjin/Data/Code/ros/ros2-for-beginners-level2/install/my_robot_bringup/share/my_robot_bringup/local_setup.bash
[0.063s] -- Up-to-date symlink: /media/minjin/Data/Code/ros/ros2-for-beginners-level2/install/my_robot_bringup/share/my_robot_bringup/local_setup.sh
[0.063s] -- Up-to-date symlink: /media/minjin/Data/Code/ros/ros2-for-beginners-level2/install/my_robot_bringup/share/my_robot_bringup/local_setup.zsh
[0.063s] -- Up-to-date symlink: /media/minjin/Data/Code/ros/ros2-for-beginners-level2/install/my_robot_bringup/share/my_robot_bringup/local_setup.dsv
[0.063s] -- Symlinking: /media/minjin/Data/Code/ros/ros2-for-beginners-level2/install/my_robot_bringup/share/my_robot_bringup/package.dsv
[0.069s] -- Up-to-date symlink: /media/minjin/Data/Code/ros/ros2-for-beginners-level2/install/my_robot_bringup/share/ament_index/resource_index/packages/my_robot_bringup
[0.069s] -- Up-to-date symlink: /media/minjin/Data/Code/ros/ros2-for-beginners-level2/install/my_robot_bringup/share/my_robot_bringup/cmake/my_robot_bringupConfig.cmake
[0.069s] -- Up-to-date symlink: /media/minjin/Data/Code/ros/ros2-for-beginners-level2/install/my_robot_bringup/share/my_robot_bringup/cmake/my_robot_bringupConfig-version.cmake
[0.069s] -- Up-to-date symlink: /media/minjin/Data/Code/ros/ros2-for-beginners-level2/install/my_robot_bringup/share/my_robot_bringup/package.xml
[0.071s] Invoked command in '/media/minjin/Data/Code/ros/ros2-for-beginners-level2/build/my_robot_bringup' returned '0': AMENT_PREFIX_PATH=/media/minjin/Data/Code/ros/ros2-for-beginners-level2/install/my_robot_description:${AMENT_PREFIX_PATH} CMAKE_PREFIX_PATH=/media/minjin/Data/Code/ros/ros2-for-beginners-level2/install/my_robot_description:/home/minjin/ros2-tutorial-urdf/install/my_robot_bringup:/home/minjin/ros2-tutorial-urdf/install/my_robot_description:/opt/ros/humble /usr/bin/cmake --install /media/minjin/Data/Code/ros/ros2-for-beginners-level2/build/my_robot_bringup
