[0.008s] Invoking command in '/media/minjin/Data/Code/ros/ros2-for-beginners-level2/build/my_robot_bringup': AMENT_PREFIX_PATH=/media/minjin/Data/Code/ros/ros2-for-beginners-level2/install/my_robot_description:${AMENT_PREFIX_PATH} CMAKE_PREFIX_PATH=/media/minjin/Data/Code/ros/ros2-for-beginners-level2/install/my_robot_description:/opt/ros/humble /usr/bin/cmake /media/minjin/Data/Code/ros/ros2-for-beginners-level2/src/my_robot_bringup -DAMENT_CMAKE_SYMLINK_INSTALL=1 -DCMAKE_INSTALL_PREFIX=/media/minjin/Data/Code/ros/ros2-for-beginners-level2/install/my_robot_bringup
[0.062s] -- The C compiler identification is GNU 11.4.0
[0.107s] -- The CXX compiler identification is GNU 11.4.0
[0.111s] -- Detecting C compiler ABI info
[0.173s] -- Detecting C compiler ABI info - done
[0.178s] -- Check for working C compiler: /usr/bin/cc - skipped
[0.178s] -- Detecting C compile features
[0.178s] -- Detecting C compile features - done
[0.180s] -- Detecting CXX compiler ABI info
[0.233s] -- Detecting CXX compiler ABI info - done
[0.238s] -- Check for working CXX compiler: /usr/bin/c++ - skipped
[0.238s] -- Detecting CXX compile features
[0.238s] -- Detecting CXX compile features - done
[0.240s] -- Found ament_cmake: 1.3.9 (/opt/ros/humble/share/ament_cmake/cmake)
[0.339s] -- Found Python3: /usr/bin/python3 (found version "3.10.12") found components: Interpreter 
[0.375s] -- Override CMake install command with custom implementation using symlinks instead of copying resources
[0.431s] -- Configuring done
[0.433s] -- Generating done
[0.434s] -- Build files have been written to: /media/minjin/Data/Code/ros/ros2-for-beginners-level2/build/my_robot_bringup
[0.436s] Invoked command in '/media/minjin/Data/Code/ros/ros2-for-beginners-level2/build/my_robot_bringup' returned '0': AMENT_PREFIX_PATH=/media/minjin/Data/Code/ros/ros2-for-beginners-level2/install/my_robot_description:${AMENT_PREFIX_PATH} CMAKE_PREFIX_PATH=/media/minjin/Data/Code/ros/ros2-for-beginners-level2/install/my_robot_description:/opt/ros/humble /usr/bin/cmake /media/minjin/Data/Code/ros/ros2-for-beginners-level2/src/my_robot_bringup -DAMENT_CMAKE_SYMLINK_INSTALL=1 -DCMAKE_INSTALL_PREFIX=/media/minjin/Data/Code/ros/ros2-for-beginners-level2/install/my_robot_bringup
[0.437s] Invoking command in '/media/minjin/Data/Code/ros/ros2-for-beginners-level2/build/my_robot_bringup': AMENT_PREFIX_PATH=/media/minjin/Data/Code/ros/ros2-for-beginners-level2/install/my_robot_description:${AMENT_PREFIX_PATH} CMAKE_PREFIX_PATH=/media/minjin/Data/Code/ros/ros2-for-beginners-level2/install/my_robot_description:/opt/ros/humble /usr/bin/cmake --build /media/minjin/Data/Code/ros/ros2-for-beginners-level2/build/my_robot_bringup -- -j16 -l16
[0.461s] Invoked command in '/media/minjin/Data/Code/ros/ros2-for-beginners-level2/build/my_robot_bringup' returned '0': AMENT_PREFIX_PATH=/media/minjin/Data/Code/ros/ros2-for-beginners-level2/install/my_robot_description:${AMENT_PREFIX_PATH} CMAKE_PREFIX_PATH=/media/minjin/Data/Code/ros/ros2-for-beginners-level2/install/my_robot_description:/opt/ros/humble /usr/bin/cmake --build /media/minjin/Data/Code/ros/ros2-for-beginners-level2/build/my_robot_bringup -- -j16 -l16
[0.503s] Invoking command in '/media/minjin/Data/Code/ros/ros2-for-beginners-level2/build/my_robot_bringup': AMENT_PREFIX_PATH=/media/minjin/Data/Code/ros/ros2-for-beginners-level2/install/my_robot_description:${AMENT_PREFIX_PATH} CMAKE_PREFIX_PATH=/media/minjin/Data/Code/ros/ros2-for-beginners-level2/install/my_robot_description:/opt/ros/humble /usr/bin/cmake --install /media/minjin/Data/Code/ros/ros2-for-beginners-level2/build/my_robot_bringup
[0.516s] -- Install configuration: ""
[0.518s] -- Execute custom install script
[0.519s] -- Symlinking: /media/minjin/Data/Code/ros/ros2-for-beginners-level2/install/my_robot_bringup/share/my_robot_bringup/launch/my_robot_gazebo.launch.xml
[0.531s] -- Symlinking: /media/minjin/Data/Code/ros/ros2-for-beginners-level2/install/my_robot_bringup/share/ament_index/resource_index/package_run_dependencies/my_robot_bringup
[0.539s] -- Symlinking: /media/minjin/Data/Code/ros/ros2-for-beginners-level2/install/my_robot_bringup/share/ament_index/resource_index/parent_prefix_path/my_robot_bringup
[0.550s] -- Symlinking: /media/minjin/Data/Code/ros/ros2-for-beginners-level2/install/my_robot_bringup/share/my_robot_bringup/environment/ament_prefix_path.sh
[0.560s] -- Symlinking: /media/minjin/Data/Code/ros/ros2-for-beginners-level2/install/my_robot_bringup/share/my_robot_bringup/environment/ament_prefix_path.dsv
[0.571s] -- Symlinking: /media/minjin/Data/Code/ros/ros2-for-beginners-level2/install/my_robot_bringup/share/my_robot_bringup/environment/path.sh
[0.577s] -- Symlinking: /media/minjin/Data/Code/ros/ros2-for-beginners-level2/install/my_robot_bringup/share/my_robot_bringup/environment/path.dsv
[0.584s] -- Symlinking: /media/minjin/Data/Code/ros/ros2-for-beginners-level2/install/my_robot_bringup/share/my_robot_bringup/local_setup.bash
[0.591s] -- Symlinking: /media/minjin/Data/Code/ros/ros2-for-beginners-level2/install/my_robot_bringup/share/my_robot_bringup/local_setup.sh
[0.600s] -- Symlinking: /media/minjin/Data/Code/ros/ros2-for-beginners-level2/install/my_robot_bringup/share/my_robot_bringup/local_setup.zsh
[0.606s] -- Symlinking: /media/minjin/Data/Code/ros/ros2-for-beginners-level2/install/my_robot_bringup/share/my_robot_bringup/local_setup.dsv
[0.611s] -- Symlinking: /media/minjin/Data/Code/ros/ros2-for-beginners-level2/install/my_robot_bringup/share/my_robot_bringup/package.dsv
[0.617s] -- Symlinking: /media/minjin/Data/Code/ros/ros2-for-beginners-level2/install/my_robot_bringup/share/ament_index/resource_index/packages/my_robot_bringup
[0.623s] -- Symlinking: /media/minjin/Data/Code/ros/ros2-for-beginners-level2/install/my_robot_bringup/share/my_robot_bringup/cmake/my_robot_bringupConfig.cmake
[0.628s] -- Symlinking: /media/minjin/Data/Code/ros/ros2-for-beginners-level2/install/my_robot_bringup/share/my_robot_bringup/cmake/my_robot_bringupConfig-version.cmake
[0.634s] -- Symlinking: /media/minjin/Data/Code/ros/ros2-for-beginners-level2/install/my_robot_bringup/share/my_robot_bringup/package.xml
[0.641s] Invoked command in '/media/minjin/Data/Code/ros/ros2-for-beginners-level2/build/my_robot_bringup' returned '0': AMENT_PREFIX_PATH=/media/minjin/Data/Code/ros/ros2-for-beginners-level2/install/my_robot_description:${AMENT_PREFIX_PATH} CMAKE_PREFIX_PATH=/media/minjin/Data/Code/ros/ros2-for-beginners-level2/install/my_robot_description:/opt/ros/humble /usr/bin/cmake --install /media/minjin/Data/Code/ros/ros2-for-beginners-level2/build/my_robot_bringup
