[0.006s] Invoking command in '/media/minjin/Data/Code/ros/ros2-for-beginners-level2/build/my_robot_description': CMAKE_PREFIX_PATH=/opt/ros/humble /usr/bin/cmake /media/minjin/Data/Code/ros/ros2-for-beginners-level2/src/my_robot_description -DAMENT_CMAKE_SYMLINK_INSTALL=1 -DCMAKE_INSTALL_PREFIX=/media/minjin/Data/Code/ros/ros2-for-beginners-level2/install/my_robot_description
[0.139s] -- The C compiler identification is GNU 11.4.0
[0.251s] -- The CXX compiler identification is GNU 11.4.0
[0.257s] -- Detecting C compiler ABI info
[0.317s] -- Detecting C compiler ABI info - done
[0.321s] -- Check for working C compiler: /usr/bin/cc - skipped
[0.322s] -- Detecting C compile features
[0.323s] -- Detecting C compile features - done
[0.325s] -- Detecting CXX compiler ABI info
[0.417s] -- Detecting CXX compiler ABI info - done
[0.421s] -- Check for working CXX compiler: /usr/bin/c++ - skipped
[0.421s] -- Detecting CXX compile features
[0.421s] -- Detecting CXX compile features - done
[0.424s] -- Found ament_cmake: 1.3.9 (/opt/ros/humble/share/ament_cmake/cmake)
[0.527s] -- Found Python3: /usr/bin/python3 (found version "3.10.12") found components: Interpreter 
[0.562s] -- Override CMake install command with custom implementation using symlinks instead of copying resources
[0.614s] -- Configuring done
[0.616s] -- Generating done
[0.617s] -- Build files have been written to: /media/minjin/Data/Code/ros/ros2-for-beginners-level2/build/my_robot_description
[0.619s] Invoked command in '/media/minjin/Data/Code/ros/ros2-for-beginners-level2/build/my_robot_description' returned '0': CMAKE_PREFIX_PATH=/opt/ros/humble /usr/bin/cmake /media/minjin/Data/Code/ros/ros2-for-beginners-level2/src/my_robot_description -DAMENT_CMAKE_SYMLINK_INSTALL=1 -DCMAKE_INSTALL_PREFIX=/media/minjin/Data/Code/ros/ros2-for-beginners-level2/install/my_robot_description
[0.620s] Invoking command in '/media/minjin/Data/Code/ros/ros2-for-beginners-level2/build/my_robot_description': CMAKE_PREFIX_PATH=/opt/ros/humble /usr/bin/cmake --build /media/minjin/Data/Code/ros/ros2-for-beginners-level2/build/my_robot_description -- -j16 -l16
[0.654s] Invoked command in '/media/minjin/Data/Code/ros/ros2-for-beginners-level2/build/my_robot_description' returned '0': CMAKE_PREFIX_PATH=/opt/ros/humble /usr/bin/cmake --build /media/minjin/Data/Code/ros/ros2-for-beginners-level2/build/my_robot_description -- -j16 -l16
[0.722s] Invoking command in '/media/minjin/Data/Code/ros/ros2-for-beginners-level2/build/my_robot_description': CMAKE_PREFIX_PATH=/opt/ros/humble /usr/bin/cmake --install /media/minjin/Data/Code/ros/ros2-for-beginners-level2/build/my_robot_description
[0.730s] -- Install configuration: ""
[0.730s] -- Execute custom install script
[0.731s] -- Symlinking: /media/minjin/Data/Code/ros/ros2-for-beginners-level2/install/my_robot_description/share/my_robot_description/urdf/common_properties.xacro
[0.736s] -- Symlinking: /media/minjin/Data/Code/ros/ros2-for-beginners-level2/install/my_robot_description/share/my_robot_description/urdf/mobile_base.xacro
[0.744s] -- Symlinking: /media/minjin/Data/Code/ros/ros2-for-beginners-level2/install/my_robot_description/share/my_robot_description/urdf/my_robot.urdf
[0.752s] -- Symlinking: /media/minjin/Data/Code/ros/ros2-for-beginners-level2/install/my_robot_description/share/my_robot_description/urdf/my_robot.urdf.xacro
[0.759s] -- Symlinking: /media/minjin/Data/Code/ros/ros2-for-beginners-level2/install/my_robot_description/share/my_robot_description/launch/display.launch.py
[0.770s] -- Symlinking: /media/minjin/Data/Code/ros/ros2-for-beginners-level2/install/my_robot_description/share/my_robot_description/launch/display.launch.xml
[0.779s] -- Symlinking: /media/minjin/Data/Code/ros/ros2-for-beginners-level2/install/my_robot_description/share/my_robot_description/rviz/urdf_config.rviz
[0.784s] -- Symlinking: /media/minjin/Data/Code/ros/ros2-for-beginners-level2/install/my_robot_description/share/ament_index/resource_index/package_run_dependencies/my_robot_description
[0.790s] -- Symlinking: /media/minjin/Data/Code/ros/ros2-for-beginners-level2/install/my_robot_description/share/ament_index/resource_index/parent_prefix_path/my_robot_description
[0.795s] -- Symlinking: /media/minjin/Data/Code/ros/ros2-for-beginners-level2/install/my_robot_description/share/my_robot_description/environment/ament_prefix_path.sh
[0.800s] -- Symlinking: /media/minjin/Data/Code/ros/ros2-for-beginners-level2/install/my_robot_description/share/my_robot_description/environment/ament_prefix_path.dsv
[0.805s] -- Symlinking: /media/minjin/Data/Code/ros/ros2-for-beginners-level2/install/my_robot_description/share/my_robot_description/environment/path.sh
[0.810s] -- Symlinking: /media/minjin/Data/Code/ros/ros2-for-beginners-level2/install/my_robot_description/share/my_robot_description/environment/path.dsv
[0.815s] -- Symlinking: /media/minjin/Data/Code/ros/ros2-for-beginners-level2/install/my_robot_description/share/my_robot_description/local_setup.bash
[0.821s] -- Symlinking: /media/minjin/Data/Code/ros/ros2-for-beginners-level2/install/my_robot_description/share/my_robot_description/local_setup.sh
[0.827s] -- Symlinking: /media/minjin/Data/Code/ros/ros2-for-beginners-level2/install/my_robot_description/share/my_robot_description/local_setup.zsh
[0.837s] -- Symlinking: /media/minjin/Data/Code/ros/ros2-for-beginners-level2/install/my_robot_description/share/my_robot_description/local_setup.dsv
[0.845s] -- Symlinking: /media/minjin/Data/Code/ros/ros2-for-beginners-level2/install/my_robot_description/share/my_robot_description/package.dsv
[0.854s] -- Symlinking: /media/minjin/Data/Code/ros/ros2-for-beginners-level2/install/my_robot_description/share/ament_index/resource_index/packages/my_robot_description
[0.862s] -- Symlinking: /media/minjin/Data/Code/ros/ros2-for-beginners-level2/install/my_robot_description/share/my_robot_description/cmake/my_robot_descriptionConfig.cmake
[0.869s] -- Symlinking: /media/minjin/Data/Code/ros/ros2-for-beginners-level2/install/my_robot_description/share/my_robot_description/cmake/my_robot_descriptionConfig-version.cmake
[0.877s] -- Symlinking: /media/minjin/Data/Code/ros/ros2-for-beginners-level2/install/my_robot_description/share/my_robot_description/package.xml
[0.891s] Invoked command in '/media/minjin/Data/Code/ros/ros2-for-beginners-level2/build/my_robot_description' returned '0': CMAKE_PREFIX_PATH=/opt/ros/humble /usr/bin/cmake --install /media/minjin/Data/Code/ros/ros2-for-beginners-level2/build/my_robot_description
