[0.007s] Invoking command in '/media/minjin/Data/Code/ros/ros2-for-beginners-level2/build/my_robot_description': CMAKE_PREFIX_PATH=/opt/ros/humble /usr/bin/cmake /media/minjin/Data/Code/ros/ros2-for-beginners-level2/src/my_robot_description -DAMENT_CMAKE_SYMLINK_INSTALL=1 -DCMAKE_INSTALL_PREFIX=/media/minjin/Data/Code/ros/ros2-for-beginners-level2/install/my_robot_description
[0.016s] -- Found ament_cmake: 1.3.9 (/opt/ros/humble/share/ament_cmake/cmake)
[0.089s] -- Override CMake install command with custom implementation using symlinks instead of copying resources
[0.135s] -- Configuring done
[0.137s] -- Generating done
[0.137s] -- Build files have been written to: /media/minjin/Data/Code/ros/ros2-for-beginners-level2/build/my_robot_description
[0.139s] Invoked command in '/media/minjin/Data/Code/ros/ros2-for-beginners-level2/build/my_robot_description' returned '0': CMAKE_PREFIX_PATH=/opt/ros/humble /usr/bin/cmake /media/minjin/Data/Code/ros/ros2-for-beginners-level2/src/my_robot_description -DAMENT_CMAKE_SYMLINK_INSTALL=1 -DCMAKE_INSTALL_PREFIX=/media/minjin/Data/Code/ros/ros2-for-beginners-level2/install/my_robot_description
[0.140s] Invoking command in '/media/minjin/Data/Code/ros/ros2-for-beginners-level2/build/my_robot_description': CMAKE_PREFIX_PATH=/opt/ros/humble /usr/bin/cmake --build /media/minjin/Data/Code/ros/ros2-for-beginners-level2/build/my_robot_description -- -j16 -l16
[0.172s] Invoked command in '/media/minjin/Data/Code/ros/ros2-for-beginners-level2/build/my_robot_description' returned '0': CMAKE_PREFIX_PATH=/opt/ros/humble /usr/bin/cmake --build /media/minjin/Data/Code/ros/ros2-for-beginners-level2/build/my_robot_description -- -j16 -l16
[0.220s] Invoking command in '/media/minjin/Data/Code/ros/ros2-for-beginners-level2/build/my_robot_description': CMAKE_PREFIX_PATH=/opt/ros/humble /usr/bin/cmake --install /media/minjin/Data/Code/ros/ros2-for-beginners-level2/build/my_robot_description
[0.227s] -- Install configuration: ""
[0.227s] -- Execute custom install script
[0.227s] -- Symlinking: /media/minjin/Data/Code/ros/ros2-for-beginners-level2/install/my_robot_description/share/my_robot_description/urdf/my_robot.urdf
[0.236s] -- Symlinking: /media/minjin/Data/Code/ros/ros2-for-beginners-level2/install/my_robot_description/share/my_robot_description/urdf/my_robot.urdf.xacro
[0.244s] -- Symlinking: /media/minjin/Data/Code/ros/ros2-for-beginners-level2/install/my_robot_description/share/my_robot_description/launch/display.launch.py
[0.250s] -- Symlinking: /media/minjin/Data/Code/ros/ros2-for-beginners-level2/install/my_robot_description/share/my_robot_description/launch/display.launch.xml
[0.256s] -- Symlinking: /media/minjin/Data/Code/ros/ros2-for-beginners-level2/install/my_robot_description/share/my_robot_description/rviz/urdf_config.rviz
[0.262s] -- Symlinking: /media/minjin/Data/Code/ros/ros2-for-beginners-level2/install/my_robot_description/share/ament_index/resource_index/package_run_dependencies/my_robot_description
[0.269s] -- Symlinking: /media/minjin/Data/Code/ros/ros2-for-beginners-level2/install/my_robot_description/share/ament_index/resource_index/parent_prefix_path/my_robot_description
[0.274s] -- Symlinking: /media/minjin/Data/Code/ros/ros2-for-beginners-level2/install/my_robot_description/share/my_robot_description/environment/ament_prefix_path.sh
[0.280s] -- Symlinking: /media/minjin/Data/Code/ros/ros2-for-beginners-level2/install/my_robot_description/share/my_robot_description/environment/ament_prefix_path.dsv
[0.286s] -- Symlinking: /media/minjin/Data/Code/ros/ros2-for-beginners-level2/install/my_robot_description/share/my_robot_description/environment/path.sh
[0.292s] -- Symlinking: /media/minjin/Data/Code/ros/ros2-for-beginners-level2/install/my_robot_description/share/my_robot_description/environment/path.dsv
[0.298s] -- Symlinking: /media/minjin/Data/Code/ros/ros2-for-beginners-level2/install/my_robot_description/share/my_robot_description/local_setup.bash
[0.304s] -- Symlinking: /media/minjin/Data/Code/ros/ros2-for-beginners-level2/install/my_robot_description/share/my_robot_description/local_setup.sh
[0.311s] -- Symlinking: /media/minjin/Data/Code/ros/ros2-for-beginners-level2/install/my_robot_description/share/my_robot_description/local_setup.zsh
[0.319s] -- Symlinking: /media/minjin/Data/Code/ros/ros2-for-beginners-level2/install/my_robot_description/share/my_robot_description/local_setup.dsv
[0.326s] -- Symlinking: /media/minjin/Data/Code/ros/ros2-for-beginners-level2/install/my_robot_description/share/my_robot_description/package.dsv
[0.332s] -- Symlinking: /media/minjin/Data/Code/ros/ros2-for-beginners-level2/install/my_robot_description/share/ament_index/resource_index/packages/my_robot_description
[0.340s] -- Symlinking: /media/minjin/Data/Code/ros/ros2-for-beginners-level2/install/my_robot_description/share/my_robot_description/cmake/my_robot_descriptionConfig.cmake
[0.350s] -- Symlinking: /media/minjin/Data/Code/ros/ros2-for-beginners-level2/install/my_robot_description/share/my_robot_description/cmake/my_robot_descriptionConfig-version.cmake
[0.358s] -- Symlinking: /media/minjin/Data/Code/ros/ros2-for-beginners-level2/install/my_robot_description/share/my_robot_description/package.xml
[0.369s] Invoked command in '/media/minjin/Data/Code/ros/ros2-for-beginners-level2/build/my_robot_description' returned '0': CMAKE_PREFIX_PATH=/opt/ros/humble /usr/bin/cmake --install /media/minjin/Data/Code/ros/ros2-for-beginners-level2/build/my_robot_description
