[0.006s] Invoking command in '/media/minjin/Data/Code/ros/ros2-for-beginners-level2/build/my_robot_description': CMAKE_PREFIX_PATH=/opt/ros/humble /usr/bin/cmake /media/minjin/Data/Code/ros/ros2-for-beginners-level2/src/my_robot_description -DCMAKE_INSTALL_PREFIX=/media/minjin/Data/Code/ros/ros2-for-beginners-level2/install/my_robot_description
[0.042s] -- The C compiler identification is GNU 11.4.0
[0.099s] -- The CXX compiler identification is GNU 11.4.0
[0.103s] -- Detecting C compiler ABI info
[0.157s] -- Detecting C compiler ABI info - done
[0.162s] -- Check for working C compiler: /usr/bin/cc - skipped
[0.162s] -- Detecting C compile features
[0.163s] -- Detecting C compile features - done
[0.166s] -- Detecting CXX compiler ABI info
[0.275s] -- Detecting CXX compiler ABI info - done
[0.280s] -- Check for working CXX compiler: /usr/bin/c++ - skipped
[0.280s] -- Detecting CXX compile features
[0.280s] -- Detecting CXX compile features - done
[0.283s] -- Found ament_cmake: 1.3.9 (/opt/ros/humble/share/ament_cmake/cmake)
[0.384s] -- Found Python3: /usr/bin/python3 (found version "3.10.12") found components: Interpreter 
[0.477s] -- Configuring done
[0.480s] -- Generating done
[0.481s] -- Build files have been written to: /media/minjin/Data/Code/ros/ros2-for-beginners-level2/build/my_robot_description
[0.484s] Invoked command in '/media/minjin/Data/Code/ros/ros2-for-beginners-level2/build/my_robot_description' returned '0': CMAKE_PREFIX_PATH=/opt/ros/humble /usr/bin/cmake /media/minjin/Data/Code/ros/ros2-for-beginners-level2/src/my_robot_description -DCMAKE_INSTALL_PREFIX=/media/minjin/Data/Code/ros/ros2-for-beginners-level2/install/my_robot_description
[0.486s] Invoking command in '/media/minjin/Data/Code/ros/ros2-for-beginners-level2/build/my_robot_description': CMAKE_PREFIX_PATH=/opt/ros/humble /usr/bin/cmake --build /media/minjin/Data/Code/ros/ros2-for-beginners-level2/build/my_robot_description -- -j16 -l16
[0.518s] Invoked command in '/media/minjin/Data/Code/ros/ros2-for-beginners-level2/build/my_robot_description' returned '0': CMAKE_PREFIX_PATH=/opt/ros/humble /usr/bin/cmake --build /media/minjin/Data/Code/ros/ros2-for-beginners-level2/build/my_robot_description -- -j16 -l16
[0.570s] Invoking command in '/media/minjin/Data/Code/ros/ros2-for-beginners-level2/build/my_robot_description': CMAKE_PREFIX_PATH=/opt/ros/humble /usr/bin/cmake --install /media/minjin/Data/Code/ros/ros2-for-beginners-level2/build/my_robot_description
[0.578s] -- Install configuration: ""
[0.579s] -- Installing: /media/minjin/Data/Code/ros/ros2-for-beginners-level2/install/my_robot_description/share/my_robot_description/urdf
[0.579s] -- Installing: /media/minjin/Data/Code/ros/ros2-for-beginners-level2/install/my_robot_description/share/my_robot_description/urdf/my_robot.urdf
[0.579s] -- Installing: /media/minjin/Data/Code/ros/ros2-for-beginners-level2/install/my_robot_description/share/my_robot_description/launch
[0.579s] -- Installing: /media/minjin/Data/Code/ros/ros2-for-beginners-level2/install/my_robot_description/share/my_robot_description/launch/display.launch.xml
[0.580s] -- Installing: /media/minjin/Data/Code/ros/ros2-for-beginners-level2/install/my_robot_description/share/ament_index/resource_index/package_run_dependencies/my_robot_description
[0.580s] -- Installing: /media/minjin/Data/Code/ros/ros2-for-beginners-level2/install/my_robot_description/share/ament_index/resource_index/parent_prefix_path/my_robot_description
[0.580s] -- Installing: /media/minjin/Data/Code/ros/ros2-for-beginners-level2/install/my_robot_description/share/my_robot_description/environment/ament_prefix_path.sh
[0.580s] -- Installing: /media/minjin/Data/Code/ros/ros2-for-beginners-level2/install/my_robot_description/share/my_robot_description/environment/ament_prefix_path.dsv
[0.580s] -- Installing: /media/minjin/Data/Code/ros/ros2-for-beginners-level2/install/my_robot_description/share/my_robot_description/environment/path.sh
[0.581s] -- Installing: /media/minjin/Data/Code/ros/ros2-for-beginners-level2/install/my_robot_description/share/my_robot_description/environment/path.dsv
[0.581s] -- Installing: /media/minjin/Data/Code/ros/ros2-for-beginners-level2/install/my_robot_description/share/my_robot_description/local_setup.bash
[0.581s] -- Installing: /media/minjin/Data/Code/ros/ros2-for-beginners-level2/install/my_robot_description/share/my_robot_description/local_setup.sh
[0.581s] -- Installing: /media/minjin/Data/Code/ros/ros2-for-beginners-level2/install/my_robot_description/share/my_robot_description/local_setup.zsh
[0.581s] -- Installing: /media/minjin/Data/Code/ros/ros2-for-beginners-level2/install/my_robot_description/share/my_robot_description/local_setup.dsv
[0.581s] -- Installing: /media/minjin/Data/Code/ros/ros2-for-beginners-level2/install/my_robot_description/share/my_robot_description/package.dsv
[0.582s] -- Installing: /media/minjin/Data/Code/ros/ros2-for-beginners-level2/install/my_robot_description/share/ament_index/resource_index/packages/my_robot_description
[0.582s] -- Installing: /media/minjin/Data/Code/ros/ros2-for-beginners-level2/install/my_robot_description/share/my_robot_description/cmake/my_robot_descriptionConfig.cmake
[0.582s] -- Installing: /media/minjin/Data/Code/ros/ros2-for-beginners-level2/install/my_robot_description/share/my_robot_description/cmake/my_robot_descriptionConfig-version.cmake
[0.582s] -- Installing: /media/minjin/Data/Code/ros/ros2-for-beginners-level2/install/my_robot_description/share/my_robot_description/package.xml
[0.584s] Invoked command in '/media/minjin/Data/Code/ros/ros2-for-beginners-level2/build/my_robot_description' returned '0': CMAKE_PREFIX_PATH=/opt/ros/humble /usr/bin/cmake --install /media/minjin/Data/Code/ros/ros2-for-beginners-level2/build/my_robot_description
