[0.008s] Invoking command in '/media/minjin/Data/Code/ros/ros2-for-beginners-level2/build/my_robot_description': CMAKE_PREFIX_PATH=/opt/ros/humble /usr/bin/cmake --build /media/minjin/Data/Code/ros/ros2-for-beginners-level2/build/my_robot_description -- -j16 -l16
[0.022s] -- Found ament_cmake: 1.3.9 (/opt/ros/humble/share/ament_cmake/cmake)
[0.137s] -- Configuring done
[0.138s] -- Generating done
[0.139s] -- Build files have been written to: /media/minjin/Data/Code/ros/ros2-for-beginners-level2/build/my_robot_description
[0.154s] Invoked command in '/media/minjin/Data/Code/ros/ros2-for-beginners-level2/build/my_robot_description' returned '0': CMAKE_PREFIX_PATH=/opt/ros/humble /usr/bin/cmake --build /media/minjin/Data/Code/ros/ros2-for-beginners-level2/build/my_robot_description -- -j16 -l16
[0.181s] Invoking command in '/media/minjin/Data/Code/ros/ros2-for-beginners-level2/build/my_robot_description': CMAKE_PREFIX_PATH=/opt/ros/humble /usr/bin/cmake --install /media/minjin/Data/Code/ros/ros2-for-beginners-level2/build/my_robot_description
[0.188s] -- Install configuration: ""
[0.188s] -- Up-to-date: /media/minjin/Data/Code/ros/ros2-for-beginners-level2/install/my_robot_description/share/my_robot_description/urdf
[0.188s] -- Up-to-date: /media/minjin/Data/Code/ros/ros2-for-beginners-level2/install/my_robot_description/share/my_robot_description/urdf/my_robot.urdf
[0.188s] -- Up-to-date: /media/minjin/Data/Code/ros/ros2-for-beginners-level2/install/my_robot_description/share/my_robot_description/launch
[0.189s] -- Installing: /media/minjin/Data/Code/ros/ros2-for-beginners-level2/install/my_robot_description/share/my_robot_description/launch/display.launch.py
[0.189s] -- Up-to-date: /media/minjin/Data/Code/ros/ros2-for-beginners-level2/install/my_robot_description/share/my_robot_description/launch/display.launch.xml
[0.189s] -- Up-to-date: /media/minjin/Data/Code/ros/ros2-for-beginners-level2/install/my_robot_description/share/ament_index/resource_index/package_run_dependencies/my_robot_description
[0.189s] -- Up-to-date: /media/minjin/Data/Code/ros/ros2-for-beginners-level2/install/my_robot_description/share/ament_index/resource_index/parent_prefix_path/my_robot_description
[0.189s] -- Up-to-date: /media/minjin/Data/Code/ros/ros2-for-beginners-level2/install/my_robot_description/share/my_robot_description/environment/ament_prefix_path.sh
[0.189s] -- Installing: /media/minjin/Data/Code/ros/ros2-for-beginners-level2/install/my_robot_description/share/my_robot_description/environment/ament_prefix_path.dsv
[0.189s] -- Up-to-date: /media/minjin/Data/Code/ros/ros2-for-beginners-level2/install/my_robot_description/share/my_robot_description/environment/path.sh
[0.189s] -- Installing: /media/minjin/Data/Code/ros/ros2-for-beginners-level2/install/my_robot_description/share/my_robot_description/environment/path.dsv
[0.189s] -- Up-to-date: /media/minjin/Data/Code/ros/ros2-for-beginners-level2/install/my_robot_description/share/my_robot_description/local_setup.bash
[0.190s] -- Up-to-date: /media/minjin/Data/Code/ros/ros2-for-beginners-level2/install/my_robot_description/share/my_robot_description/local_setup.sh
[0.190s] -- Up-to-date: /media/minjin/Data/Code/ros/ros2-for-beginners-level2/install/my_robot_description/share/my_robot_description/local_setup.zsh
[0.190s] -- Installing: /media/minjin/Data/Code/ros/ros2-for-beginners-level2/install/my_robot_description/share/my_robot_description/local_setup.dsv
[0.190s] -- Installing: /media/minjin/Data/Code/ros/ros2-for-beginners-level2/install/my_robot_description/share/my_robot_description/package.dsv
[0.190s] -- Up-to-date: /media/minjin/Data/Code/ros/ros2-for-beginners-level2/install/my_robot_description/share/ament_index/resource_index/packages/my_robot_description
[0.190s] -- Up-to-date: /media/minjin/Data/Code/ros/ros2-for-beginners-level2/install/my_robot_description/share/my_robot_description/cmake/my_robot_descriptionConfig.cmake
[0.191s] -- Up-to-date: /media/minjin/Data/Code/ros/ros2-for-beginners-level2/install/my_robot_description/share/my_robot_description/cmake/my_robot_descriptionConfig-version.cmake
[0.191s] -- Up-to-date: /media/minjin/Data/Code/ros/ros2-for-beginners-level2/install/my_robot_description/share/my_robot_description/package.xml
[0.192s] Invoked command in '/media/minjin/Data/Code/ros/ros2-for-beginners-level2/build/my_robot_description' returned '0': CMAKE_PREFIX_PATH=/opt/ros/humble /usr/bin/cmake --install /media/minjin/Data/Code/ros/ros2-for-beginners-level2/build/my_robot_description
