[0.077s] DEBUG:colcon:Command line arguments: ['/usr/bin/colcon', 'list', '-p', '--base-paths', '/media/minjin/Data/Code/ros/ros2-for-beginners-level2']
[0.077s] DEBUG:colcon:Parsed command line arguments: Namespace(log_base=None, log_level=None, verb_name='list', build_base='build', ignore_user_meta=False, metas=['./colcon.meta'], base_paths=['/media/minjin/Data/Code/ros/ros2-for-beginners-level2'], packages_ignore=None, packages_ignore_regex=None, paths=None, packages_up_to=None, packages_up_to_regex=None, packages_above=None, packages_above_and_dependencies=None, packages_above_depth=None, packages_select_by_dep=None, packages_skip_by_dep=None, packages_skip_up_to=None, packages_select_build_failed=False, packages_skip_build_finished=False, packages_select_test_failures=False, packages_skip_test_passed=False, packages_select=None, packages_skip=None, packages_select_regex=None, packages_skip_regex=None, packages_start=None, packages_end=None, allow_overriding=[], topological_order=False, names_only=False, paths_only=True, topological_graph=False, topological_graph_dot=False, topological_graph_density=False, topological_graph_legend=False, topological_graph_dot_cluster=False, topological_graph_dot_include_skipped=False, mixin_files=None, mixin=None, verb_parser=<colcon_mixin.mixin.mixin_argument.MixinArgumentDecorator object at 0x7e0e30a99120>, verb_extension=<colcon_package_information.verb.list.ListVerb object at 0x7e0e30a98700>, main=<bound method ListVerb.main of <colcon_package_information.verb.list.ListVerb object at 0x7e0e30a98700>>, mixin_verb=('list',))
[0.235s] Level 1:colcon.colcon_core.package_discovery:discover_packages(colcon_meta) check parameters
[0.235s] Level 1:colcon.colcon_core.package_discovery:discover_packages(recursive) check parameters
[0.235s] Level 1:colcon.colcon_core.package_discovery:discover_packages(ignore) check parameters
[0.235s] Level 1:colcon.colcon_core.package_discovery:discover_packages(path) check parameters
[0.235s] Level 1:colcon.colcon_core.package_discovery:discover_packages(recursive) discover
[0.236s] INFO:colcon.colcon_core.package_discovery:Crawling recursively for packages in '/media/minjin/Data/Code/ros/ros2-for-beginners-level2'
[0.236s] Level 1:colcon.colcon_core.package_identification:_identify(/media/minjin/Data/Code/ros/ros2-for-beginners-level2) by extensions ['ignore', 'ignore_ament_install']
[0.236s] Level 1:colcon.colcon_core.package_identification:_identify(/media/minjin/Data/Code/ros/ros2-for-beginners-level2) by extension 'ignore'
[0.236s] Level 1:colcon.colcon_core.package_identification:_identify(/media/minjin/Data/Code/ros/ros2-for-beginners-level2) by extension 'ignore_ament_install'
[0.236s] Level 1:colcon.colcon_core.package_identification:_identify(/media/minjin/Data/Code/ros/ros2-for-beginners-level2) by extensions ['colcon_pkg']
[0.236s] Level 1:colcon.colcon_core.package_identification:_identify(/media/minjin/Data/Code/ros/ros2-for-beginners-level2) by extension 'colcon_pkg'
[0.236s] Level 1:colcon.colcon_core.package_identification:_identify(/media/minjin/Data/Code/ros/ros2-for-beginners-level2) by extensions ['colcon_meta']
[0.236s] Level 1:colcon.colcon_core.package_identification:_identify(/media/minjin/Data/Code/ros/ros2-for-beginners-level2) by extension 'colcon_meta'
[0.236s] Level 1:colcon.colcon_core.package_identification:_identify(/media/minjin/Data/Code/ros/ros2-for-beginners-level2) by extensions ['ros']
[0.236s] Level 1:colcon.colcon_core.package_identification:_identify(/media/minjin/Data/Code/ros/ros2-for-beginners-level2) by extension 'ros'
[0.249s] Level 1:colcon.colcon_core.package_identification:_identify(/media/minjin/Data/Code/ros/ros2-for-beginners-level2) by extensions ['cmake', 'python']
[0.249s] Level 1:colcon.colcon_core.package_identification:_identify(/media/minjin/Data/Code/ros/ros2-for-beginners-level2) by extension 'cmake'
[0.249s] Level 1:colcon.colcon_core.package_identification:_identify(/media/minjin/Data/Code/ros/ros2-for-beginners-level2) by extension 'python'
[0.249s] Level 1:colcon.colcon_core.package_identification:_identify(/media/minjin/Data/Code/ros/ros2-for-beginners-level2) by extensions ['python_setup_py']
[0.249s] Level 1:colcon.colcon_core.package_identification:_identify(/media/minjin/Data/Code/ros/ros2-for-beginners-level2) by extension 'python_setup_py'
[0.249s] Level 1:colcon.colcon_core.package_identification:_identify(/media/minjin/Data/Code/ros/ros2-for-beginners-level2/build) by extensions ['ignore', 'ignore_ament_install']
[0.249s] Level 1:colcon.colcon_core.package_identification:_identify(/media/minjin/Data/Code/ros/ros2-for-beginners-level2/build) by extension 'ignore'
[0.249s] Level 1:colcon.colcon_core.package_identification:_identify(/media/minjin/Data/Code/ros/ros2-for-beginners-level2/build) ignored
[0.249s] Level 1:colcon.colcon_core.package_identification:_identify(/media/minjin/Data/Code/ros/ros2-for-beginners-level2/images) by extensions ['ignore', 'ignore_ament_install']
[0.249s] Level 1:colcon.colcon_core.package_identification:_identify(/media/minjin/Data/Code/ros/ros2-for-beginners-level2/images) by extension 'ignore'
[0.249s] Level 1:colcon.colcon_core.package_identification:_identify(/media/minjin/Data/Code/ros/ros2-for-beginners-level2/images) by extension 'ignore_ament_install'
[0.249s] Level 1:colcon.colcon_core.package_identification:_identify(/media/minjin/Data/Code/ros/ros2-for-beginners-level2/images) by extensions ['colcon_pkg']
[0.250s] Level 1:colcon.colcon_core.package_identification:_identify(/media/minjin/Data/Code/ros/ros2-for-beginners-level2/images) by extension 'colcon_pkg'
[0.250s] Level 1:colcon.colcon_core.package_identification:_identify(/media/minjin/Data/Code/ros/ros2-for-beginners-level2/images) by extensions ['colcon_meta']
[0.250s] Level 1:colcon.colcon_core.package_identification:_identify(/media/minjin/Data/Code/ros/ros2-for-beginners-level2/images) by extension 'colcon_meta'
[0.250s] Level 1:colcon.colcon_core.package_identification:_identify(/media/minjin/Data/Code/ros/ros2-for-beginners-level2/images) by extensions ['ros']
[0.250s] Level 1:colcon.colcon_core.package_identification:_identify(/media/minjin/Data/Code/ros/ros2-for-beginners-level2/images) by extension 'ros'
[0.250s] Level 1:colcon.colcon_core.package_identification:_identify(/media/minjin/Data/Code/ros/ros2-for-beginners-level2/images) by extensions ['cmake', 'python']
[0.250s] Level 1:colcon.colcon_core.package_identification:_identify(/media/minjin/Data/Code/ros/ros2-for-beginners-level2/images) by extension 'cmake'
[0.250s] Level 1:colcon.colcon_core.package_identification:_identify(/media/minjin/Data/Code/ros/ros2-for-beginners-level2/images) by extension 'python'
[0.250s] Level 1:colcon.colcon_core.package_identification:_identify(/media/minjin/Data/Code/ros/ros2-for-beginners-level2/images) by extensions ['python_setup_py']
[0.250s] Level 1:colcon.colcon_core.package_identification:_identify(/media/minjin/Data/Code/ros/ros2-for-beginners-level2/images) by extension 'python_setup_py'
[0.250s] Level 1:colcon.colcon_core.package_identification:_identify(/media/minjin/Data/Code/ros/ros2-for-beginners-level2/install) by extensions ['ignore', 'ignore_ament_install']
[0.250s] Level 1:colcon.colcon_core.package_identification:_identify(/media/minjin/Data/Code/ros/ros2-for-beginners-level2/install) by extension 'ignore'
[0.250s] Level 1:colcon.colcon_core.package_identification:_identify(/media/minjin/Data/Code/ros/ros2-for-beginners-level2/install) ignored
[0.250s] Level 1:colcon.colcon_core.package_identification:_identify(/media/minjin/Data/Code/ros/ros2-for-beginners-level2/log) by extensions ['ignore', 'ignore_ament_install']
[0.250s] Level 1:colcon.colcon_core.package_identification:_identify(/media/minjin/Data/Code/ros/ros2-for-beginners-level2/log) by extension 'ignore'
[0.250s] Level 1:colcon.colcon_core.package_identification:_identify(/media/minjin/Data/Code/ros/ros2-for-beginners-level2/log) ignored
[0.250s] Level 1:colcon.colcon_core.package_identification:_identify(/media/minjin/Data/Code/ros/ros2-for-beginners-level2/src) by extensions ['ignore', 'ignore_ament_install']
[0.250s] Level 1:colcon.colcon_core.package_identification:_identify(/media/minjin/Data/Code/ros/ros2-for-beginners-level2/src) by extension 'ignore'
[0.250s] Level 1:colcon.colcon_core.package_identification:_identify(/media/minjin/Data/Code/ros/ros2-for-beginners-level2/src) by extension 'ignore_ament_install'
[0.250s] Level 1:colcon.colcon_core.package_identification:_identify(/media/minjin/Data/Code/ros/ros2-for-beginners-level2/src) by extensions ['colcon_pkg']
[0.250s] Level 1:colcon.colcon_core.package_identification:_identify(/media/minjin/Data/Code/ros/ros2-for-beginners-level2/src) by extension 'colcon_pkg'
[0.250s] Level 1:colcon.colcon_core.package_identification:_identify(/media/minjin/Data/Code/ros/ros2-for-beginners-level2/src) by extensions ['colcon_meta']
[0.250s] Level 1:colcon.colcon_core.package_identification:_identify(/media/minjin/Data/Code/ros/ros2-for-beginners-level2/src) by extension 'colcon_meta'
[0.250s] Level 1:colcon.colcon_core.package_identification:_identify(/media/minjin/Data/Code/ros/ros2-for-beginners-level2/src) by extensions ['ros']
[0.250s] Level 1:colcon.colcon_core.package_identification:_identify(/media/minjin/Data/Code/ros/ros2-for-beginners-level2/src) by extension 'ros'
[0.250s] Level 1:colcon.colcon_core.package_identification:_identify(/media/minjin/Data/Code/ros/ros2-for-beginners-level2/src) by extensions ['cmake', 'python']
[0.251s] Level 1:colcon.colcon_core.package_identification:_identify(/media/minjin/Data/Code/ros/ros2-for-beginners-level2/src) by extension 'cmake'
[0.251s] Level 1:colcon.colcon_core.package_identification:_identify(/media/minjin/Data/Code/ros/ros2-for-beginners-level2/src) by extension 'python'
[0.251s] Level 1:colcon.colcon_core.package_identification:_identify(/media/minjin/Data/Code/ros/ros2-for-beginners-level2/src) by extensions ['python_setup_py']
[0.251s] Level 1:colcon.colcon_core.package_identification:_identify(/media/minjin/Data/Code/ros/ros2-for-beginners-level2/src) by extension 'python_setup_py'
[0.251s] Level 1:colcon.colcon_core.package_identification:_identify(/media/minjin/Data/Code/ros/ros2-for-beginners-level2/src/my_robot_description) by extensions ['ignore', 'ignore_ament_install']
[0.251s] Level 1:colcon.colcon_core.package_identification:_identify(/media/minjin/Data/Code/ros/ros2-for-beginners-level2/src/my_robot_description) by extension 'ignore'
[0.251s] Level 1:colcon.colcon_core.package_identification:_identify(/media/minjin/Data/Code/ros/ros2-for-beginners-level2/src/my_robot_description) by extension 'ignore_ament_install'
[0.251s] Level 1:colcon.colcon_core.package_identification:_identify(/media/minjin/Data/Code/ros/ros2-for-beginners-level2/src/my_robot_description) by extensions ['colcon_pkg']
[0.251s] Level 1:colcon.colcon_core.package_identification:_identify(/media/minjin/Data/Code/ros/ros2-for-beginners-level2/src/my_robot_description) by extension 'colcon_pkg'
[0.251s] Level 1:colcon.colcon_core.package_identification:_identify(/media/minjin/Data/Code/ros/ros2-for-beginners-level2/src/my_robot_description) by extensions ['colcon_meta']
[0.251s] Level 1:colcon.colcon_core.package_identification:_identify(/media/minjin/Data/Code/ros/ros2-for-beginners-level2/src/my_robot_description) by extension 'colcon_meta'
[0.251s] Level 1:colcon.colcon_core.package_identification:_identify(/media/minjin/Data/Code/ros/ros2-for-beginners-level2/src/my_robot_description) by extensions ['ros']
[0.251s] Level 1:colcon.colcon_core.package_identification:_identify(/media/minjin/Data/Code/ros/ros2-for-beginners-level2/src/my_robot_description) by extension 'ros'
[0.253s] DEBUG:colcon.colcon_core.package_identification:Package '/media/minjin/Data/Code/ros/ros2-for-beginners-level2/src/my_robot_description' with type 'ros.ament_cmake' and name 'my_robot_description'
[0.253s] Level 1:colcon.colcon_core.package_discovery:discover_packages(recursive) using defaults
