[0.009s] Invoking command in '/media/minjin/Data/Code/ros/ros2-for-beginners-level2/build/my_robot_description': CMAKE_PREFIX_PATH=/opt/ros/humble /usr/bin/cmake /media/minjin/Data/Code/ros/ros2-for-beginners-level2/src/my_robot_description -DCMAKE_INSTALL_PREFIX=/media/minjin/Data/Code/ros/ros2-for-beginners-level2/install/my_robot_description
[0.054s] -- Found ament_cmake: 1.3.9 (/opt/ros/humble/share/ament_cmake/cmake)
[0.145s] -- Override CMake install command with custom implementation using symlinks instead of copying resources
[0.210s] -- Configuring done
[0.214s] -- Generating done
[0.215s] -- Build files have been written to: /media/minjin/Data/Code/ros/ros2-for-beginners-level2/build/my_robot_description
[0.217s] Invoked command in '/media/minjin/Data/Code/ros/ros2-for-beginners-level2/build/my_robot_description' returned '0': CMAKE_PREFIX_PATH=/opt/ros/humble /usr/bin/cmake /media/minjin/Data/Code/ros/ros2-for-beginners-level2/src/my_robot_description -DCMAKE_INSTALL_PREFIX=/media/minjin/Data/Code/ros/ros2-for-beginners-level2/install/my_robot_description
[0.218s] Invoking command in '/media/minjin/Data/Code/ros/ros2-for-beginners-level2/build/my_robot_description': CMAKE_PREFIX_PATH=/opt/ros/humble /usr/bin/cmake --build /media/minjin/Data/Code/ros/ros2-for-beginners-level2/build/my_robot_description -- -j16 -l16
[0.249s] Invoked command in '/media/minjin/Data/Code/ros/ros2-for-beginners-level2/build/my_robot_description' returned '0': CMAKE_PREFIX_PATH=/opt/ros/humble /usr/bin/cmake --build /media/minjin/Data/Code/ros/ros2-for-beginners-level2/build/my_robot_description -- -j16 -l16
[0.292s] Invoking command in '/media/minjin/Data/Code/ros/ros2-for-beginners-level2/build/my_robot_description': CMAKE_PREFIX_PATH=/opt/ros/humble /usr/bin/cmake --install /media/minjin/Data/Code/ros/ros2-for-beginners-level2/build/my_robot_description
[0.301s] -- Install configuration: ""
[0.302s] -- Execute custom install script
[0.303s] -- Up-to-date symlink: /media/minjin/Data/Code/ros/ros2-for-beginners-level2/install/my_robot_description/share/my_robot_description/urdf/common_properties.xacro
[0.303s] -- Up-to-date symlink: /media/minjin/Data/Code/ros/ros2-for-beginners-level2/install/my_robot_description/share/my_robot_description/urdf/mobile_base.xacro
[0.303s] -- Up-to-date symlink: /media/minjin/Data/Code/ros/ros2-for-beginners-level2/install/my_robot_description/share/my_robot_description/urdf/my_robot.urdf
[0.304s] -- Up-to-date symlink: /media/minjin/Data/Code/ros/ros2-for-beginners-level2/install/my_robot_description/share/my_robot_description/urdf/my_robot.urdf.xacro
[0.304s] -- Up-to-date symlink: /media/minjin/Data/Code/ros/ros2-for-beginners-level2/install/my_robot_description/share/my_robot_description/launch/display.launch.py
[0.304s] -- Up-to-date symlink: /media/minjin/Data/Code/ros/ros2-for-beginners-level2/install/my_robot_description/share/my_robot_description/launch/display.launch.xml
[0.305s] -- Up-to-date symlink: /media/minjin/Data/Code/ros/ros2-for-beginners-level2/install/my_robot_description/share/my_robot_description/rviz/urdf_config.rviz
[0.305s] -- Up-to-date symlink: /media/minjin/Data/Code/ros/ros2-for-beginners-level2/install/my_robot_description/share/ament_index/resource_index/package_run_dependencies/my_robot_description
[0.305s] -- Up-to-date symlink: /media/minjin/Data/Code/ros/ros2-for-beginners-level2/install/my_robot_description/share/ament_index/resource_index/parent_prefix_path/my_robot_description
[0.306s] -- Up-to-date symlink: /media/minjin/Data/Code/ros/ros2-for-beginners-level2/install/my_robot_description/share/my_robot_description/environment/ament_prefix_path.sh
[0.306s] -- Up-to-date symlink: /media/minjin/Data/Code/ros/ros2-for-beginners-level2/install/my_robot_description/share/my_robot_description/environment/ament_prefix_path.dsv
[0.306s] -- Up-to-date symlink: /media/minjin/Data/Code/ros/ros2-for-beginners-level2/install/my_robot_description/share/my_robot_description/environment/path.sh
[0.306s] -- Up-to-date symlink: /media/minjin/Data/Code/ros/ros2-for-beginners-level2/install/my_robot_description/share/my_robot_description/environment/path.dsv
[0.306s] -- Up-to-date symlink: /media/minjin/Data/Code/ros/ros2-for-beginners-level2/install/my_robot_description/share/my_robot_description/local_setup.bash
[0.307s] -- Up-to-date symlink: /media/minjin/Data/Code/ros/ros2-for-beginners-level2/install/my_robot_description/share/my_robot_description/local_setup.sh
[0.307s] -- Up-to-date symlink: /media/minjin/Data/Code/ros/ros2-for-beginners-level2/install/my_robot_description/share/my_robot_description/local_setup.zsh
[0.307s] -- Up-to-date symlink: /media/minjin/Data/Code/ros/ros2-for-beginners-level2/install/my_robot_description/share/my_robot_description/local_setup.dsv
[0.307s] -- Symlinking: /media/minjin/Data/Code/ros/ros2-for-beginners-level2/install/my_robot_description/share/my_robot_description/package.dsv
[0.314s] -- Up-to-date symlink: /media/minjin/Data/Code/ros/ros2-for-beginners-level2/install/my_robot_description/share/ament_index/resource_index/packages/my_robot_description
[0.314s] -- Up-to-date symlink: /media/minjin/Data/Code/ros/ros2-for-beginners-level2/install/my_robot_description/share/my_robot_description/cmake/my_robot_descriptionConfig.cmake
[0.314s] -- Up-to-date symlink: /media/minjin/Data/Code/ros/ros2-for-beginners-level2/install/my_robot_description/share/my_robot_description/cmake/my_robot_descriptionConfig-version.cmake
[0.314s] -- Up-to-date symlink: /media/minjin/Data/Code/ros/ros2-for-beginners-level2/install/my_robot_description/share/my_robot_description/package.xml
[0.316s] Invoked command in '/media/minjin/Data/Code/ros/ros2-for-beginners-level2/build/my_robot_description' returned '0': CMAKE_PREFIX_PATH=/opt/ros/humble /usr/bin/cmake --install /media/minjin/Data/Code/ros/ros2-for-beginners-level2/build/my_robot_description
