[0.009s] Invoking command in '/media/minjin/Data/Code/ros/ros2-for-beginners-level2/build/my_robot_bringup': AMENT_PREFIX_PATH=/media/minjin/Data/Code/ros/ros2-for-beginners-level2/install/my_robot_description:${AMENT_PREFIX_PATH} CMAKE_PREFIX_PATH=/media/minjin/Data/Code/ros/ros2-for-beginners-level2/install/my_robot_description:/home/minjin/ros2-tutorial-urdf/install/my_robot_bringup:/home/minjin/ros2-tutorial-urdf/install/my_robot_description:/opt/ros/humble /usr/bin/cmake --build /media/minjin/Data/Code/ros/ros2-for-beginners-level2/build/my_robot_bringup -- -j16 -l16
[0.099s] Invoked command in '/media/minjin/Data/Code/ros/ros2-for-beginners-level2/build/my_robot_bringup' returned '0': AMENT_PREFIX_PATH=/media/minjin/Data/Code/ros/ros2-for-beginners-level2/install/my_robot_description:${AMENT_PREFIX_PATH} CMAKE_PREFIX_PATH=/media/minjin/Data/Code/ros/ros2-for-beginners-level2/install/my_robot_description:/home/minjin/ros2-tutorial-urdf/install/my_robot_bringup:/home/minjin/ros2-tutorial-urdf/install/my_robot_description:/opt/ros/humble /usr/bin/cmake --build /media/minjin/Data/Code/ros/ros2-for-beginners-level2/build/my_robot_bringup -- -j16 -l16
[0.133s] Invoking command in '/media/minjin/Data/Code/ros/ros2-for-beginners-level2/build/my_robot_bringup': AMENT_PREFIX_PATH=/media/minjin/Data/Code/ros/ros2-for-beginners-level2/install/my_robot_description:${AMENT_PREFIX_PATH} CMAKE_PREFIX_PATH=/media/minjin/Data/Code/ros/ros2-for-beginners-level2/install/my_robot_description:/home/minjin/ros2-tutorial-urdf/install/my_robot_bringup:/home/minjin/ros2-tutorial-urdf/install/my_robot_description:/opt/ros/humble /usr/bin/cmake --install /media/minjin/Data/Code/ros/ros2-for-beginners-level2/build/my_robot_bringup
[0.167s] -- Install configuration: ""
[0.185s] -- Execute custom install script
[0.186s] -- Up-to-date symlink: /media/minjin/Data/Code/ros/ros2-for-beginners-level2/install/my_robot_bringup/share/my_robot_bringup/launch/my_robot_gazebo.launch.xml
[0.187s] -- Up-to-date symlink: /media/minjin/Data/Code/ros/ros2-for-beginners-level2/install/my_robot_bringup/share/my_robot_bringup/rviz/urdf_config.rviz
[0.187s] -- Up-to-date symlink: /media/minjin/Data/Code/ros/ros2-for-beginners-level2/install/my_robot_bringup/share/my_robot_bringup/worlds/test_world.world
[0.188s] -- Up-to-date symlink: /media/minjin/Data/Code/ros/ros2-for-beginners-level2/install/my_robot_bringup/share/ament_index/resource_index/package_run_dependencies/my_robot_bringup
[0.189s] -- Up-to-date symlink: /media/minjin/Data/Code/ros/ros2-for-beginners-level2/install/my_robot_bringup/share/ament_index/resource_index/parent_prefix_path/my_robot_bringup
[0.189s] -- Up-to-date symlink: /media/minjin/Data/Code/ros/ros2-for-beginners-level2/install/my_robot_bringup/share/my_robot_bringup/environment/ament_prefix_path.sh
[0.190s] -- Up-to-date symlink: /media/minjin/Data/Code/ros/ros2-for-beginners-level2/install/my_robot_bringup/share/my_robot_bringup/environment/ament_prefix_path.dsv
[0.190s] -- Up-to-date symlink: /media/minjin/Data/Code/ros/ros2-for-beginners-level2/install/my_robot_bringup/share/my_robot_bringup/environment/path.sh
[0.191s] -- Up-to-date symlink: /media/minjin/Data/Code/ros/ros2-for-beginners-level2/install/my_robot_bringup/share/my_robot_bringup/environment/path.dsv
[0.191s] -- Up-to-date symlink: /media/minjin/Data/Code/ros/ros2-for-beginners-level2/install/my_robot_bringup/share/my_robot_bringup/local_setup.bash
[0.192s] -- Up-to-date symlink: /media/minjin/Data/Code/ros/ros2-for-beginners-level2/install/my_robot_bringup/share/my_robot_bringup/local_setup.sh
[0.192s] -- Up-to-date symlink: /media/minjin/Data/Code/ros/ros2-for-beginners-level2/install/my_robot_bringup/share/my_robot_bringup/local_setup.zsh
[0.193s] -- Up-to-date symlink: /media/minjin/Data/Code/ros/ros2-for-beginners-level2/install/my_robot_bringup/share/my_robot_bringup/local_setup.dsv
[0.193s] -- Symlinking: /media/minjin/Data/Code/ros/ros2-for-beginners-level2/install/my_robot_bringup/share/my_robot_bringup/package.dsv
[0.211s] -- Up-to-date symlink: /media/minjin/Data/Code/ros/ros2-for-beginners-level2/install/my_robot_bringup/share/ament_index/resource_index/packages/my_robot_bringup
[0.211s] -- Up-to-date symlink: /media/minjin/Data/Code/ros/ros2-for-beginners-level2/install/my_robot_bringup/share/my_robot_bringup/cmake/my_robot_bringupConfig.cmake
[0.211s] -- Up-to-date symlink: /media/minjin/Data/Code/ros/ros2-for-beginners-level2/install/my_robot_bringup/share/my_robot_bringup/cmake/my_robot_bringupConfig-version.cmake
[0.211s] -- Up-to-date symlink: /media/minjin/Data/Code/ros/ros2-for-beginners-level2/install/my_robot_bringup/share/my_robot_bringup/package.xml
[0.213s] Invoked command in '/media/minjin/Data/Code/ros/ros2-for-beginners-level2/build/my_robot_bringup' returned '0': AMENT_PREFIX_PATH=/media/minjin/Data/Code/ros/ros2-for-beginners-level2/install/my_robot_description:${AMENT_PREFIX_PATH} CMAKE_PREFIX_PATH=/media/minjin/Data/Code/ros/ros2-for-beginners-level2/install/my_robot_description:/home/minjin/ros2-tutorial-urdf/install/my_robot_bringup:/home/minjin/ros2-tutorial-urdf/install/my_robot_description:/opt/ros/humble /usr/bin/cmake --install /media/minjin/Data/Code/ros/ros2-for-beginners-level2/build/my_robot_bringup
